This is LuaTeX, Version 1.07.0 (MiKTeX 2.9.6650 64-bit)  (format=lualatex 2018.4.4)  14 MAY 2018 12:10
 restricted system commands enabled.
**example.tex
(./example.tex
LaTeX2e <2017-04-15>
Lua module: luaotfload-main 2017/01/29 2.80001 OpenType layout system.
Lua module: lualibs 2017-02-01 2.5 ConTeXt Lua standard libraries.
Lua module: lualibs-extended 2017-02-01 2.5 ConTeXt Lua libraries -- extended co
llection.(using cache: C:/Users/Benjamin/AppData/Local/MiKTeX/2.9/luatex-cache/g
eneric)
luaotfload | conf : Root cache directory is C:/Users/Benjamin/AppData/Local/MiKT
eX/2.9/luatex-cache/generic/names.
luaotfload | init : Loading fontloader “fontloader-2017-02-11.lua” from kpse
-resolved path “C:/Users/Benjamin/AppData/Local/Programs/MiKTeX 2.9/tex/luatex
/luaotfload/fontloader-2017-02-11.lua”.
Lua-only attribute luaotfload@state = 1
Lua-only attribute luaotfload@noligature = 2
Lua-only attribute luaotfload@syllabe = 3
luaotfload | init : Context OpenType loader version “3.027”
Inserting `luaotfload.node_processor' at position 1 in `pre_linebreak_filter'.
Inserting `luaotfload.node_processor' at position 1 in `hpack_filter'.
Inserting `luaotfload.define_font' at position 1 in `define_font'.
Lua-only attribute luaotfload_color_attribute = 4
luaotfload | conf : Root cache directory is C:/Users/Benjamin/AppData/Local/MiKT
eX/2.9/luatex-cache/generic/names.
Inserting `luaotfload.aux.set_sscale_dimens' at position 1 in `luaotfload.patch_
font'.
Inserting `luaotfload.aux.patch_cambria_domh' at position 2 in `luaotfload.patch
_font'.
Inserting `luaotfload.aux.fixup_fontdata' at position 1 in `luaotfload.patch_fon
t_unsafe'.
Inserting `luaotfload.aux.set_capheight' at position 3 in `luaotfload.patch_font
'.
Inserting `luaotfload.rewrite_fontname' at position 4 in `luaotfload.patch_font'
.
luaotfload | main : initialization completed in 0.819 seconds
Babel <3.18> and hyphenation patterns for 1 language(s) loaded.

("C:/Users/Benjamin/AppData/Local/Programs/MiKTeX 2.9/tex/latex/beamer/beamer.c
ls"
Document Class: beamer 2018/02/20 v3.50 A class for typesetting presentations

("C:/Users/Benjamin/AppData/Local/Programs/MiKTeX 2.9/tex/latex/beamer/beamerba
semodes.sty"
("C:/Users/Benjamin/AppData/Local/Programs/MiKTeX 2.9/tex/latex/etoolbox/etoolb
ox.sty"
Package: etoolbox 2018/02/11 v2.5e e-TeX tools for LaTeX (JAW)
\etb@tempcnta=\count79
)
\beamer@tempbox=\box26
\beamer@tempcount=\count80
\c@beamerpauses=\count81

("C:/Users/Benjamin/AppData/Local/Programs/MiKTeX 2.9/tex/latex/beamer/beamerba
sedecode.sty"
\beamer@slideinframe=\count82
\beamer@minimum=\count83
)
\beamer@commentbox=\box27
\beamer@modecount=\count84
)
("C:/Users/Benjamin/AppData/Local/Programs/MiKTeX 2.9/tex/generic/oberdiek/ifpd
f.sty"
Package: ifpdf 2017/03/15 v3.2 Provides the ifpdf switch
)
\headdp=\dimen102
\footheight=\dimen103
\sidebarheight=\dimen104
\beamer@tempdim=\dimen105
\beamer@finalheight=\dimen106
\beamer@animht=\dimen107
\beamer@animdp=\dimen108
\beamer@animwd=\dimen109
\beamer@leftmargin=\dimen110
\beamer@rightmargin=\dimen111
\beamer@leftsidebar=\dimen112
\beamer@rightsidebar=\dimen113
\beamer@boxsize=\dimen114
\beamer@vboxoffset=\dimen115
\beamer@descdefault=\dimen116
\beamer@descriptionwidth=\dimen117
\beamer@lastskip=\skip41
\beamer@areabox=\box28
\beamer@animcurrent=\box29
\beamer@animshowbox=\box30
\beamer@sectionbox=\box31
\beamer@logobox=\box32
\beamer@linebox=\box33
\beamer@sectioncount=\count85
\beamer@subsubsectionmax=\count86
\beamer@subsectionmax=\count87
\beamer@sectionmax=\count88
\beamer@totalheads=\count89
\beamer@headcounter=\count90
\beamer@partstartpage=\count91
\beamer@sectionstartpage=\count92
\beamer@subsectionstartpage=\count93
\beamer@animationtempa=\count94
\beamer@animationtempb=\count95
\beamer@xpos=\count96
\beamer@ypos=\count97
\beamer@ypos@offset=\count98
\beamer@showpartnumber=\count99
\beamer@currentsubsection=\count100
\beamer@coveringdepth=\count101
\beamer@sectionadjust=\count102
\beamer@tocsectionnumber=\count103

("C:/Users/Benjamin/AppData/Local/Programs/MiKTeX 2.9/tex/latex/beamer/beamerba
seoptions.sty"
("C:/Users/Benjamin/AppData/Local/Programs/MiKTeX 2.9/tex/latex/graphics/keyval
.sty"
Package: keyval 2014/10/28 v1.15 key=value parser (DPC)
\KV@toks@=\toks14
))
\beamer@paperwidth=\skip42
\beamer@paperheight=\skip43

("C:/Users/Benjamin/AppData/Local/Programs/MiKTeX 2.9/tex/latex/geometry/geomet
ry.sty"
Package: geometry 2018/03/24 v5.7 Page Geometry

("C:/Users/Benjamin/AppData/Local/Programs/MiKTeX 2.9/tex/generic/oberdiek/ifvt
ex.sty"
Package: ifvtex 2016/05/16 v1.6 Detect VTeX and its facilities (HO)
Package ifvtex Info: VTeX not detected.
)
("C:/Users/Benjamin/AppData/Local/Programs/MiKTeX 2.9/tex/generic/ifxetex/ifxet
ex.sty"
Package: ifxetex 2010/09/12 v0.6 Provides ifxetex conditional
)
\Gm@cnth=\count104
\Gm@cntv=\count105
\c@Gm@tempcnt=\count106
\Gm@bindingoffset=\dimen118
\Gm@wd@mp=\dimen119
\Gm@odd@mp=\dimen120
\Gm@even@mp=\dimen121
\Gm@layoutwidth=\dimen122
\Gm@layoutheight=\dimen123
\Gm@layouthoffset=\dimen124
\Gm@layoutvoffset=\dimen125
\Gm@dimlist=\toks15

("C:/Users/Benjamin/AppData/Local/Programs/MiKTeX 2.9/tex/latex/geometry/geomet
ry.cfg"))
("C:/Users/Benjamin/AppData/Local/Programs/MiKTeX 2.9/tex/latex/base/size11.clo
"
File: size11.clo 2014/09/29 v1.4h Standard LaTeX file (size option)
luaotfload | db : Font names database loaded from C:/Users/Benjamin/AppData/Loca
l/MiKTeX/2.9/luatex-cache/generic/names/luaotfload-names.luc(load luc: C:/Users/
Benjamin/AppData/Local/MiKTeX/2.9/luatex-cache/generic/fonts/otl/lmroman10-regul
ar.luc))
("C:/Users/Benjamin/AppData/Local/Programs/MiKTeX 2.9/tex/latex/pgf/basiclayer/
pgfcore.sty"
("C:/Users/Benjamin/AppData/Local/Programs/MiKTeX 2.9/tex/latex/graphics/graphi
cx.sty"
Package: graphicx 2017/06/01 v1.1a Enhanced LaTeX Graphics (DPC,SPQR)

("C:/Users/Benjamin/AppData/Local/Programs/MiKTeX 2.9/tex/latex/graphics/graphi
cs.sty"
Package: graphics 2017/06/25 v1.2c Standard LaTeX Graphics (DPC,SPQR)

("C:/Users/Benjamin/AppData/Local/Programs/MiKTeX 2.9/tex/latex/graphics/trig.s
ty"
Package: trig 2016/01/03 v1.10 sin cos tan (DPC)
)
("C:/Users/Benjamin/AppData/Local/Programs/MiKTeX 2.9/tex/latex/graphics-cfg/gr
aphics.cfg"
File: graphics.cfg 2016/06/04 v1.11 sample graphics configuration
)
Package graphics Info: Driver file: luatex.def on input line 99.

("C:/Users/Benjamin/AppData/Local/Programs/MiKTeX 2.9/tex/latex/graphics-def/lu
atex.def"
File: luatex.def 2018/01/08 v1.0l Graphics/color driver for luatex
))
\Gin@req@height=\dimen126
\Gin@req@width=\dimen127
)
("C:/Users/Benjamin/AppData/Local/Programs/MiKTeX 2.9/tex/latex/pgf/systemlayer
/pgfsys.sty"
("C:/Users/Benjamin/AppData/Local/Programs/MiKTeX 2.9/tex/latex/pgf/utilities/p
gfrcs.sty"
("C:/Users/Benjamin/AppData/Local/Programs/MiKTeX 2.9/tex/generic/pgf/utilities
/pgfutil-common.tex"
\pgfutil@everybye=\toks16
\pgfutil@tempdima=\dimen128
\pgfutil@tempdimb=\dimen129

("C:/Users/Benjamin/AppData/Local/Programs/MiKTeX 2.9/tex/generic/pgf/utilities
/pgfutil-common-lists.tex"))
("C:/Users/Benjamin/AppData/Local/Programs/MiKTeX 2.9/tex/generic/pgf/utilities
/pgfutil-latex.def"
\pgfutil@abb=\box34

("C:/Users/Benjamin/AppData/Local/Programs/MiKTeX 2.9/tex/latex/ms/everyshi.sty
"
Package: everyshi 2001/05/15 v3.00 EveryShipout Package (MS)
))
("C:/Users/Benjamin/AppData/Local/Programs/MiKTeX 2.9/tex/generic/pgf/utilities
/pgfrcs.code.tex"
Package: pgfrcs 2015/08/07 v3.0.1a (rcs-revision 1.31)
))
("C:/Users/Benjamin/AppData/Local/Programs/MiKTeX 2.9/tex/generic/pgf/systemlay
er/pgfsys.code.tex"
Package: pgfsys 2014/07/09 v3.0.1a (rcs-revision 1.48)

("C:/Users/Benjamin/AppData/Local/Programs/MiKTeX 2.9/tex/generic/pgf/utilities
/pgfkeys.code.tex"
\pgfkeys@pathtoks=\toks17
\pgfkeys@temptoks=\toks18

("C:/Users/Benjamin/AppData/Local/Programs/MiKTeX 2.9/tex/generic/pgf/utilities
/pgfkeysfiltered.code.tex"
\pgfkeys@tmptoks=\toks19
))
\pgf@x=\dimen130
\pgf@y=\dimen131
\pgf@xa=\dimen132
\pgf@ya=\dimen133
\pgf@xb=\dimen134
\pgf@yb=\dimen135
\pgf@xc=\dimen136
\pgf@yc=\dimen137
\w@pgf@writea=\write3
\r@pgf@reada=\read1
\c@pgf@counta=\count107
\c@pgf@countb=\count108
\c@pgf@countc=\count109
\c@pgf@countd=\count110
\t@pgf@toka=\toks20
\t@pgf@tokb=\toks21
\t@pgf@tokc=\toks22

("C:/Users/Benjamin/AppData/Local/Programs/MiKTeX 2.9/tex/generic/pgf/systemlay
er/pgf.cfg"
File: pgf.cfg 2008/05/14  (rcs-revision 1.7)
)
Driver file for pgf: pgfsys-luatex.def

("C:/Users/Benjamin/AppData/Local/Programs/MiKTeX 2.9/tex/generic/pgf/systemlay
er/pgfsys-luatex.def"
File: pgfsys-luatex.def 2014/10/11  (rcs-revision 1.35)

("C:/Users/Benjamin/AppData/Local/Programs/MiKTeX 2.9/tex/generic/pgf/systemlay
er/pgfsys-common-pdf.def"
File: pgfsys-common-pdf.def 2013/10/10  (rcs-revision 1.13)
)))
("C:/Users/Benjamin/AppData/Local/Programs/MiKTeX 2.9/tex/generic/pgf/systemlay
er/pgfsyssoftpath.code.tex"
File: pgfsyssoftpath.code.tex 2013/09/09  (rcs-revision 1.9)
\pgfsyssoftpath@smallbuffer@items=\count111
\pgfsyssoftpath@bigbuffer@items=\count112
)
("C:/Users/Benjamin/AppData/Local/Programs/MiKTeX 2.9/tex/generic/pgf/systemlay
er/pgfsysprotocol.code.tex"
File: pgfsysprotocol.code.tex 2006/10/16  (rcs-revision 1.4)
))
("C:/Users/Benjamin/AppData/Local/Programs/MiKTeX 2.9/tex/latex/xcolor/xcolor.s
ty"
Package: xcolor 2016/05/11 v2.12 LaTeX color extensions (UK)

("C:/Users/Benjamin/AppData/Local/Programs/MiKTeX 2.9/tex/latex/graphics-cfg/co
lor.cfg"
File: color.cfg 2016/01/02 v1.6 sample color configuration
)
Package xcolor Info: Driver file: luatex.def on input line 225.
Package xcolor Info: Model `cmy' substituted by `cmy0' on input line 1348.
Package xcolor Info: Model `hsb' substituted by `rgb' on input line 1352.
Package xcolor Info: Model `RGB' extended on input line 1364.
Package xcolor Info: Model `HTML' substituted by `rgb' on input line 1366.
Package xcolor Info: Model `Hsb' substituted by `hsb' on input line 1367.
Package xcolor Info: Model `tHsb' substituted by `hsb' on input line 1368.
Package xcolor Info: Model `HSB' substituted by `hsb' on input line 1369.
Package xcolor Info: Model `Gray' substituted by `gray' on input line 1370.
Package xcolor Info: Model `wave' substituted by `hsb' on input line 1371.
)
("C:/Users/Benjamin/AppData/Local/Programs/MiKTeX 2.9/tex/generic/pgf/basiclaye
r/pgfcore.code.tex"
Package: pgfcore 2010/04/11 v3.0.1a (rcs-revision 1.7)

("C:/Users/Benjamin/AppData/Local/Programs/MiKTeX 2.9/tex/generic/pgf/math/pgfm
ath.code.tex"
("C:/Users/Benjamin/AppData/Local/Programs/MiKTeX 2.9/tex/generic/pgf/math/pgfm
athcalc.code.tex"
("C:/Users/Benjamin/AppData/Local/Programs/MiKTeX 2.9/tex/generic/pgf/math/pgfm
athutil.code.tex")
("C:/Users/Benjamin/AppData/Local/Programs/MiKTeX 2.9/tex/generic/pgf/math/pgfm
athparser.code.tex"
\pgfmath@dimen=\dimen138
\pgfmath@count=\count113
\pgfmath@box=\box35
\pgfmath@toks=\toks23
\pgfmath@stack@operand=\toks24
\pgfmath@stack@operation=\toks25
)
("C:/Users/Benjamin/AppData/Local/Programs/MiKTeX 2.9/tex/generic/pgf/math/pgfm
athfunctions.code.tex"
("C:/Users/Benjamin/AppData/Local/Programs/MiKTeX 2.9/tex/generic/pgf/math/pgfm
athfunctions.basic.code.tex")
("C:/Users/Benjamin/AppData/Local/Programs/MiKTeX 2.9/tex/generic/pgf/math/pgfm
athfunctions.trigonometric.code.tex")
("C:/Users/Benjamin/AppData/Local/Programs/MiKTeX 2.9/tex/generic/pgf/math/pgfm
athfunctions.random.code.tex")
("C:/Users/Benjamin/AppData/Local/Programs/MiKTeX 2.9/tex/generic/pgf/math/pgfm
athfunctions.comparison.code.tex")
("C:/Users/Benjamin/AppData/Local/Programs/MiKTeX 2.9/tex/generic/pgf/math/pgfm
athfunctions.base.code.tex")
("C:/Users/Benjamin/AppData/Local/Programs/MiKTeX 2.9/tex/generic/pgf/math/pgfm
athfunctions.round.code.tex")
("C:/Users/Benjamin/AppData/Local/Programs/MiKTeX 2.9/tex/generic/pgf/math/pgfm
athfunctions.misc.code.tex")
("C:/Users/Benjamin/AppData/Local/Programs/MiKTeX 2.9/tex/generic/pgf/math/pgfm
athfunctions.integerarithmetics.code.tex")))
("C:/Users/Benjamin/AppData/Local/Programs/MiKTeX 2.9/tex/generic/pgf/math/pgfm
athfloat.code.tex"
\c@pgfmathroundto@lastzeros=\count114
))
("C:/Users/Benjamin/AppData/Local/Programs/MiKTeX 2.9/tex/generic/pgf/basiclaye
r/pgfcorepoints.code.tex"
File: pgfcorepoints.code.tex 2013/10/07  (rcs-revision 1.27)
\pgf@picminx=\dimen139
\pgf@picmaxx=\dimen140
\pgf@picminy=\dimen141
\pgf@picmaxy=\dimen142
\pgf@pathminx=\dimen143
\pgf@pathmaxx=\dimen144
\pgf@pathminy=\dimen145
\pgf@pathmaxy=\dimen146
\pgf@xx=\dimen147
\pgf@xy=\dimen148
\pgf@yx=\dimen149
\pgf@yy=\dimen150
\pgf@zx=\dimen151
\pgf@zy=\dimen152
)
("C:/Users/Benjamin/AppData/Local/Programs/MiKTeX 2.9/tex/generic/pgf/basiclaye
r/pgfcorepathconstruct.code.tex"
File: pgfcorepathconstruct.code.tex 2013/10/07  (rcs-revision 1.29)
\pgf@path@lastx=\dimen153
\pgf@path@lasty=\dimen154
)
("C:/Users/Benjamin/AppData/Local/Programs/MiKTeX 2.9/tex/generic/pgf/basiclaye
r/pgfcorepathusage.code.tex"
File: pgfcorepathusage.code.tex 2014/11/02  (rcs-revision 1.24)
\pgf@shorten@end@additional=\dimen155
\pgf@shorten@start@additional=\dimen156
)
("C:/Users/Benjamin/AppData/Local/Programs/MiKTeX 2.9/tex/generic/pgf/basiclaye
r/pgfcorescopes.code.tex"
File: pgfcorescopes.code.tex 2015/05/08  (rcs-revision 1.46)
\pgfpic=\box36
\pgf@hbox=\box37
\pgf@layerbox@main=\box38
\pgf@picture@serial@count=\count115
)
("C:/Users/Benjamin/AppData/Local/Programs/MiKTeX 2.9/tex/generic/pgf/basiclaye
r/pgfcoregraphicstate.code.tex"
File: pgfcoregraphicstate.code.tex 2014/11/02  (rcs-revision 1.12)
\pgflinewidth=\dimen157
)
("C:/Users/Benjamin/AppData/Local/Programs/MiKTeX 2.9/tex/generic/pgf/basiclaye
r/pgfcoretransformations.code.tex"
File: pgfcoretransformations.code.tex 2015/08/07  (rcs-revision 1.20)
\pgf@pt@x=\dimen158
\pgf@pt@y=\dimen159
\pgf@pt@temp=\dimen160
)
("C:/Users/Benjamin/AppData/Local/Programs/MiKTeX 2.9/tex/generic/pgf/basiclaye
r/pgfcorequick.code.tex"
File: pgfcorequick.code.tex 2008/10/09  (rcs-revision 1.3)
)
("C:/Users/Benjamin/AppData/Local/Programs/MiKTeX 2.9/tex/generic/pgf/basiclaye
r/pgfcoreobjects.code.tex"
File: pgfcoreobjects.code.tex 2006/10/11  (rcs-revision 1.2)
)
("C:/Users/Benjamin/AppData/Local/Programs/MiKTeX 2.9/tex/generic/pgf/basiclaye
r/pgfcorepathprocessing.code.tex"
File: pgfcorepathprocessing.code.tex 2013/09/09  (rcs-revision 1.9)
)
("C:/Users/Benjamin/AppData/Local/Programs/MiKTeX 2.9/tex/generic/pgf/basiclaye
r/pgfcorearrows.code.tex"
File: pgfcorearrows.code.tex 2015/05/14  (rcs-revision 1.43)
\pgfarrowsep=\dimen161
)
("C:/Users/Benjamin/AppData/Local/Programs/MiKTeX 2.9/tex/generic/pgf/basiclaye
r/pgfcoreshade.code.tex"
File: pgfcoreshade.code.tex 2013/07/15  (rcs-revision 1.15)
\pgf@max=\dimen162
\pgf@sys@shading@range@num=\count116
)
("C:/Users/Benjamin/AppData/Local/Programs/MiKTeX 2.9/tex/generic/pgf/basiclaye
r/pgfcoreimage.code.tex"
File: pgfcoreimage.code.tex 2013/07/15  (rcs-revision 1.18)

("C:/Users/Benjamin/AppData/Local/Programs/MiKTeX 2.9/tex/generic/pgf/basiclaye
r/pgfcoreexternal.code.tex"
File: pgfcoreexternal.code.tex 2014/07/09  (rcs-revision 1.21)
\pgfexternal@startupbox=\box39
))
("C:/Users/Benjamin/AppData/Local/Programs/MiKTeX 2.9/tex/generic/pgf/basiclaye
r/pgfcorelayers.code.tex"
File: pgfcorelayers.code.tex 2013/07/18  (rcs-revision 1.7)
)
("C:/Users/Benjamin/AppData/Local/Programs/MiKTeX 2.9/tex/generic/pgf/basiclaye
r/pgfcoretransparency.code.tex"
File: pgfcoretransparency.code.tex 2013/09/30  (rcs-revision 1.5)
)
("C:/Users/Benjamin/AppData/Local/Programs/MiKTeX 2.9/tex/generic/pgf/basiclaye
r/pgfcorepatterns.code.tex"
File: pgfcorepatterns.code.tex 2013/11/07  (rcs-revision 1.5)
)))
("C:/Users/Benjamin/AppData/Local/Programs/MiKTeX 2.9/tex/latex/pgf/utilities/x
xcolor.sty"
Package: xxcolor 2003/10/24 ver 0.1
\XC@nummixins=\count117
\XC@countmixins=\count118
)
("C:/Users/Benjamin/AppData/Local/Programs/MiKTeX 2.9/tex/generic/oberdiek/atbe
gshi.sty"
Package: atbegshi 2016/06/09 v1.18 At begin shipout hook (HO)

("C:/Users/Benjamin/AppData/Local/Programs/MiKTeX 2.9/tex/generic/oberdiek/infw
arerr.sty"
Package: infwarerr 2016/05/16 v1.4 Providing info/warning/error messages (HO)
)
("C:/Users/Benjamin/AppData/Local/Programs/MiKTeX 2.9/tex/generic/oberdiek/ltxc
mds.sty"
Package: ltxcmds 2016/05/16 v1.23 LaTeX kernel commands for general use (HO)
))
("C:/Users/Benjamin/AppData/Local/Programs/MiKTeX 2.9/tex/latex/hyperref/hyperr
ef.sty"
Package: hyperref 2018/02/06 v6.86b Hypertext links for LaTeX

("C:/Users/Benjamin/AppData/Local/Programs/MiKTeX 2.9/tex/generic/oberdiek/hobs
ub-hyperref.sty"
Package: hobsub-hyperref 2016/05/16 v1.14 Bundle oberdiek, subset hyperref (HO)

("C:/Users/Benjamin/AppData/Local/Programs/MiKTeX 2.9/tex/generic/oberdiek/hobs
ub-generic.sty"
Package: hobsub-generic 2016/05/16 v1.14 Bundle oberdiek, subset generic (HO)
Package: hobsub 2016/05/16 v1.14 Construct package bundles (HO)
Package hobsub Info: Skipping package `infwarerr' (already loaded).
Package hobsub Info: Skipping package `ltxcmds' (already loaded).
Package: ifluatex 2016/05/16 v1.4 Provides the ifluatex switch (HO)
Package ifluatex Info: LuaTeX detected.
Package hobsub Info: Skipping package `ifvtex' (already loaded).
Package: intcalc 2016/05/16 v1.2 Expandable calculations with integers (HO)
Package hobsub Info: Skipping package `ifpdf' (already loaded).
Package: etexcmds 2016/05/16 v1.6 Avoid name clashes with e-TeX commands (HO)
Package: kvsetkeys 2016/05/16 v1.17 Key value parser (HO)
Package: kvdefinekeys 2016/05/16 v1.4 Define keys (HO)
Package: luatex-loader 2016/05/16 v0.6 Lua module loader (HO)

(C:/Users/Benjamin/AppData/Local/Programs/MiKTeX 2.9/scripts/oberdiek/oberdiek.l
uatex.lua)
Package: pdftexcmds 2018/01/30 v0.27 Utility functions of pdfTeX for LuaTeX (HO)

Package pdftexcmds Info: \pdf@primitive is available.
Package pdftexcmds Info: \pdf@ifprimitive is available.
Package pdftexcmds Info: \pdfdraftmode found.
\pdftexcmds@toks=\toks26
Package: pdfescape 2016/05/16 v1.14 Implements pdfTeX's escape features (HO)
Package: bigintcalc 2016/05/16 v1.4 Expandable calculations on big integers (HO)

Package: bitset 2016/05/16 v1.2 Handle bit-vector datatype (HO)
Package: uniquecounter 2016/05/16 v1.3 Provide unlimited unique counter (HO)
)
Package hobsub Info: Skipping package `hobsub' (already loaded).
Package: letltxmacro 2016/05/16 v1.5 Let assignment for LaTeX macros (HO)
Package: hopatch 2016/05/16 v1.3 Wrapper for package hooks (HO)
Package: xcolor-patch 2016/05/16 xcolor patch
Package: atveryend 2016/05/16 v1.9 Hooks at the very end of document (HO)
Package hobsub Info: Skipping package `atbegshi' (already loaded).
Package: refcount 2016/05/16 v3.5 Data extraction from label references (HO)
Package: hycolor 2016/05/16 v1.8 Color options for hyperref/bookmark (HO)
)
("C:/Users/Benjamin/AppData/Local/Programs/MiKTeX 2.9/tex/latex/oberdiek/auxhoo
k.sty"
Package: auxhook 2016/05/16 v1.4 Hooks for auxiliary files (HO)
)
("C:/Users/Benjamin/AppData/Local/Programs/MiKTeX 2.9/tex/latex/oberdiek/kvopti
ons.sty"
Package: kvoptions 2016/05/16 v3.12 Key value format for package options (HO)
)
\@linkdim=\dimen163
\Hy@linkcounter=\count119
\Hy@pagecounter=\count120

("C:/Users/Benjamin/AppData/Local/Programs/MiKTeX 2.9/tex/latex/hyperref/pd1enc
.def"
File: pd1enc.def 2018/02/06 v6.86b Hyperref: PDFDocEncoding definition (HO)
)
\Hy@SavedSpaceFactor=\count121

("C:/Users/Benjamin/AppData/Local/Programs/MiKTeX 2.9/tex/latex/00miktex/hyperr
ef.cfg"
File: hyperref.cfg 2002/06/06 v1.2 hyperref configuration of TeXLive
)
Package hyperref Info: Option `bookmarks' set `true' on input line 4383.
Package hyperref Info: Option `bookmarksopen' set `true' on input line 4383.
Package hyperref Info: Option `implicit' set `false' on input line 4383.
Package hyperref Info: Hyper figures OFF on input line 4509.
Package hyperref Info: Link nesting OFF on input line 4514.
Package hyperref Info: Hyper index ON on input line 4517.
Package hyperref Info: Plain pages OFF on input line 4524.
Package hyperref Info: Backreferencing OFF on input line 4529.
Package hyperref Info: Implicit mode OFF; no redefinition of LaTeX internals.
Package hyperref Info: Bookmarks ON on input line 4762.
\c@Hy@tempcnt=\count122

("C:/Users/Benjamin/AppData/Local/Programs/MiKTeX 2.9/tex/latex/url/url.sty"
\Urlmuskip=\muskip10
Package: url 2013/09/16  ver 3.4  Verb mode for urls, etc.
)
LaTeX Info: Redefining \url on input line 5115.
\XeTeXLinkMargin=\dimen164
\Fld@menulength=\count123
\Field@Width=\dimen165
\Fld@charsize=\dimen166
Package hyperref Info: Hyper figures OFF on input line 6369.
Package hyperref Info: Link nesting OFF on input line 6374.
Package hyperref Info: Hyper index ON on input line 6377.
Package hyperref Info: backreferencing OFF on input line 6384.
Package hyperref Info: Link coloring OFF on input line 6389.
Package hyperref Info: Link coloring with OCG OFF on input line 6394.
Package hyperref Info: PDF/A mode OFF on input line 6399.
LaTeX Info: Redefining \ref on input line 6439.
LaTeX Info: Redefining \pageref on input line 6443.
\Hy@abspage=\count124


Package hyperref Message: Stopped early.

)
Package hyperref Info: Driver (autodetected): hluatex.

("C:/Users/Benjamin/AppData/Local/Programs/MiKTeX 2.9/tex/latex/hyperref/hluate
x.def"
File: hluatex.def 2018/02/06 v6.86b Hyperref driver for luaTeX
\Fld@listcount=\count125
\c@bookmark@seq@number=\count126

("C:/Users/Benjamin/AppData/Local/Programs/MiKTeX 2.9/tex/latex/oberdiek/rerunf
ilecheck.sty"
Package: rerunfilecheck 2016/05/16 v1.8 Rerun checks for auxiliary files (HO)
Package uniquecounter Info: New unique counter `rerunfilecheck' on input line 28
2.
))
("C:/Users/Benjamin/AppData/Local/Programs/MiKTeX 2.9/tex/latex/beamer/beamerba
serequires.sty"
("C:/Users/Benjamin/AppData/Local/Programs/MiKTeX 2.9/tex/latex/beamer/beamerba
secompatibility.sty")
("C:/Users/Benjamin/AppData/Local/Programs/MiKTeX 2.9/tex/latex/beamer/beamerba
sefont.sty"
("C:/Users/Benjamin/AppData/Local/Programs/MiKTeX 2.9/tex/latex/amsfonts/amssym
b.sty"
Package: amssymb 2013/01/14 v3.01 AMS font symbols

("C:/Users/Benjamin/AppData/Local/Programs/MiKTeX 2.9/tex/latex/amsfonts/amsfon
ts.sty"
Package: amsfonts 2013/01/14 v3.01 Basic AMSFonts support
\@emptytoks=\toks27
\symAMSa=\mathgroup4
\symAMSb=\mathgroup5
LaTeX Font Info:    Overwriting math alphabet `\mathfrak' in version `bold'
(Font)                  U/euf/m/n --> U/euf/b/n on input line 106.
))
("C:/Users/Benjamin/AppData/Local/Programs/MiKTeX 2.9/tex/latex/sansmathaccent/
sansmathaccent.sty"
Package: sansmathaccent 2013/03/28

("C:/Users/Benjamin/AppData/Local/Programs/MiKTeX 2.9/tex/latex/filehook/fileho
ok.sty"
Package: filehook 2011/10/12 v0.5d Hooks for input files
)))
("C:/Users/Benjamin/AppData/Local/Programs/MiKTeX 2.9/tex/latex/beamer/beamerba
setranslator.sty"
("C:/Users/Benjamin/AppData/Local/Programs/MiKTeX 2.9/tex/latex/translator/tran
slator.sty"
Package: translator 2018/01/04 v1.12 Easy translation of strings in LaTeX
))
("C:/Users/Benjamin/AppData/Local/Programs/MiKTeX 2.9/tex/latex/beamer/beamerba
semisc.sty")
("C:/Users/Benjamin/AppData/Local/Programs/MiKTeX 2.9/tex/latex/beamer/beamerba
setwoscreens.sty")
("C:/Users/Benjamin/AppData/Local/Programs/MiKTeX 2.9/tex/latex/beamer/beamerba
seoverlay.sty"
\beamer@argscount=\count127
\beamer@lastskipcover=\skip44
\beamer@trivlistdepth=\count128
)
("C:/Users/Benjamin/AppData/Local/Programs/MiKTeX 2.9/tex/latex/beamer/beamerba
setitle.sty")
("C:/Users/Benjamin/AppData/Local/Programs/MiKTeX 2.9/tex/latex/beamer/beamerba
sesection.sty"
\c@lecture=\count129
\c@part=\count130
\c@section=\count131
\c@subsection=\count132
\c@subsubsection=\count133
)
("C:/Users/Benjamin/AppData/Local/Programs/MiKTeX 2.9/tex/latex/beamer/beamerba
seframe.sty"
\beamer@framebox=\box40
\beamer@frametitlebox=\box41
\beamer@zoombox=\box42
\beamer@zoomcount=\count134
\beamer@zoomframecount=\count135
\beamer@frametextheight=\dimen167
\c@subsectionslide=\count136
\beamer@frametopskip=\skip45
\beamer@framebottomskip=\skip46
\beamer@frametopskipautobreak=\skip47
\beamer@framebottomskipautobreak=\skip48
\beamer@envbody=\toks28
\framewidth=\dimen168
\c@framenumber=\count137
)
("C:/Users/Benjamin/AppData/Local/Programs/MiKTeX 2.9/tex/latex/beamer/beamerba
severbatim.sty"
\beamer@verbatimfileout=\write4
)
("C:/Users/Benjamin/AppData/Local/Programs/MiKTeX 2.9/tex/latex/beamer/beamerba
seframesize.sty"
\beamer@splitbox=\box43
\beamer@autobreakcount=\count138
\beamer@autobreaklastheight=\dimen169
\beamer@frametitletoks=\toks29
\beamer@framesubtitletoks=\toks30
)
("C:/Users/Benjamin/AppData/Local/Programs/MiKTeX 2.9/tex/latex/beamer/beamerba
seframecomponents.sty"
\beamer@footins=\box44
)
("C:/Users/Benjamin/AppData/Local/Programs/MiKTeX 2.9/tex/latex/beamer/beamerba
secolor.sty"
\beamer@bg@ht=\dimen170
\beamer@bg@wd=\dimen171
\beamer@bg@dp=\dimen172
)
("C:/Users/Benjamin/AppData/Local/Programs/MiKTeX 2.9/tex/latex/beamer/beamerba
senotes.sty"
\beamer@frameboxcopy=\box45
)
("C:/Users/Benjamin/AppData/Local/Programs/MiKTeX 2.9/tex/latex/beamer/beamerba
setoc.sty")
("C:/Users/Benjamin/AppData/Local/Programs/MiKTeX 2.9/tex/latex/beamer/beamerba
setemplates.sty"
\beamer@sbttoks=\toks31

("C:/Users/Benjamin/AppData/Local/Programs/MiKTeX 2.9/tex/latex/beamer/beamerba
seauxtemplates.sty"
("C:/Users/Benjamin/AppData/Local/Programs/MiKTeX 2.9/tex/latex/beamer/beamerba
seboxes.sty"
\bmb@box=\box46
\bmb@colorbox=\box47
\bmb@boxshadow=\box48
\bmb@boxshadowball=\box49
\bmb@boxshadowballlarge=\box50
\bmb@temp=\dimen173
\bmb@dima=\dimen174
\bmb@dimb=\dimen175
\bmb@prevheight=\dimen176
)
\beamer@blockheadheight=\dimen177
))
("C:/Users/Benjamin/AppData/Local/Programs/MiKTeX 2.9/tex/latex/beamer/beamerba
selocalstructure.sty"
("C:/Users/Benjamin/AppData/Local/Programs/MiKTeX 2.9/tex/latex/tools/enumerate
.sty"
Package: enumerate 2015/07/23 v3.00 enumerate extensions (DPC)
\@enLab=\toks32
)
\c@figure=\count139
\c@table=\count140
\abovecaptionskip=\skip49
\belowcaptionskip=\skip50
)
("C:/Users/Benjamin/AppData/Local/Programs/MiKTeX 2.9/tex/latex/beamer/beamerba
senavigation.sty"
\beamer@section@min@dim=\dimen178
)
("C:/Users/Benjamin/AppData/Local/Programs/MiKTeX 2.9/tex/latex/beamer/beamerba
setheorems.sty"
("C:/Users/Benjamin/AppData/Local/Programs/MiKTeX 2.9/tex/latex/amsmath/amsmath
.sty"
Package: amsmath 2017/09/02 v2.17a AMS math features
\@mathmargin=\skip51

For additional information on amsmath, use the `?' option.

("C:/Users/Benjamin/AppData/Local/Programs/MiKTeX 2.9/tex/latex/amsmath/amstext
.sty"
Package: amstext 2000/06/29 v2.01 AMS text

("C:/Users/Benjamin/AppData/Local/Programs/MiKTeX 2.9/tex/latex/amsmath/amsgen.
sty"
File: amsgen.sty 1999/11/30 v2.0 generic functions
\@emptytoks=\toks33
\ex@=\dimen179
))
("C:/Users/Benjamin/AppData/Local/Programs/MiKTeX 2.9/tex/latex/amsmath/amsbsy.
sty"
Package: amsbsy 1999/11/29 v1.2d Bold Symbols
\pmbraise@=\dimen180
)
("C:/Users/Benjamin/AppData/Local/Programs/MiKTeX 2.9/tex/latex/amsmath/amsopn.
sty"
Package: amsopn 2016/03/08 v2.02 operator names
)
\inf@bad=\count141
LaTeX Info: Redefining \frac on input line 213.
\uproot@=\count142
\leftroot@=\count143
LaTeX Info: Redefining \overline on input line 375.
\classnum@=\count144
\DOTSCASE@=\count145
LaTeX Info: Redefining \ldots on input line 472.
LaTeX Info: Redefining \dots on input line 475.
LaTeX Info: Redefining \cdots on input line 596.
\Mathstrutbox@=\box51
\strutbox@=\box52
\big@size=\dimen181
LaTeX Font Info:    Redeclaring font encoding OML on input line 712.
LaTeX Font Info:    Redeclaring font encoding OMS on input line 713.
\macc@depth=\count146
\c@MaxMatrixCols=\count147
\dotsspace@=\muskip11
\c@parentequation=\count148
\dspbrk@lvl=\count149
\tag@help=\toks34
\row@=\count150
\column@=\count151
\maxfields@=\count152
\andhelp@=\toks35
\eqnshift@=\dimen182
\alignsep@=\dimen183
\tagshift@=\dimen184
\tagwidth@=\dimen185
\totwidth@=\dimen186
\lineht@=\dimen187
\@envbody=\toks36
\multlinegap=\skip52
\multlinetaggap=\skip53
\mathdisplay@stack=\toks37
LaTeX Info: Redefining \[ on input line 2817.
LaTeX Info: Redefining \] on input line 2818.
)
("C:/Users/Benjamin/AppData/Local/Programs/MiKTeX 2.9/tex/latex/amscls/amsthm.s
ty"
Package: amsthm 2017/10/31 v2.20.4
\thm@style=\toks38
\thm@bodyfont=\toks39
\thm@headfont=\toks40
\thm@notefont=\toks41
\thm@headpunct=\toks42
\thm@preskip=\skip54
\thm@postskip=\skip55
\thm@headsep=\skip56
\dth@everypar=\toks43
)
\c@theorem=\count153
)
("C:/Users/Benjamin/AppData/Local/Programs/MiKTeX 2.9/tex/latex/beamer/beamerba
sethemes.sty"))(load luc: C:/Users/Benjamin/AppData/Local/MiKTeX/2.9/luatex-cach
e/generic/fonts/otl/lmsans10-regular.luc)
("C:/Users/Benjamin/AppData/Local/Programs/MiKTeX 2.9/tex/latex/beamer/beamerth
emedefault.sty"
("C:/Users/Benjamin/AppData/Local/Programs/MiKTeX 2.9/tex/latex/beamer/beamerfo
ntthemedefault.sty")
("C:/Users/Benjamin/AppData/Local/Programs/MiKTeX 2.9/tex/latex/beamer/beamerco
lorthemedefault.sty")
("C:/Users/Benjamin/AppData/Local/Programs/MiKTeX 2.9/tex/latex/beamer/beamerin
nerthemedefault.sty"
\beamer@dima=\dimen188
\beamer@dimb=\dimen189
)
("C:/Users/Benjamin/AppData/Local/Programs/MiKTeX 2.9/tex/latex/beamer/beamerou
terthemedefault.sty")))
("C:/Users/Benjamin/AppData/Local/Programs/MiKTeX 2.9/tex/generic/babel/babel.s
ty"
Package: babel 2018/02/14 3.18 The Babel package

("C:/Users/Benjamin/AppData/Local/Programs/MiKTeX 2.9/tex/generic/babel/switch.
def"
File: switch.def 2018/02/14 3.18 Babel switching mechanism
)
("C:/Users/Benjamin/AppData/Local/Programs/MiKTeX 2.9/tex/generic/babel/luababe
l.def"
\l@afrikaans=\language2
Package babel Info: Non-standard hyphenation setup on input line 113.
\l@ancientgreek=\language3
\l@arabic=\language4
\l@armenian=\language5
\l@assamese=\language6
\l@basque=\language7
\l@bengali=\language8
\l@bokmal=\language9
\l@bulgarian=\language10
\l@catalan=\language11
\l@classiclatin=\language12
\l@coptic=\language13
\l@croatian=\language14
\l@czech=\language15
\l@danish=\language16
\l@dutch=\language17
\l@esperanto=\language18
\l@estonian=\language19
\l@farsi=\language20
\l@finnish=\language21
\l@french=\language22
\l@galician=\language23
\l@georgian=\language24
\l@german=\language25
\l@german-x-2018-03-31=\language26
\l@greek=\language27
\l@gujarati=\language28
\l@hindi=\language29
\l@hungarian=\language30
\l@ibycus=\language31
\l@icelandic=\language32
\l@indonesian=\language33
\l@interlingua=\language34
\l@irish=\language35
\l@italian=\language36
\l@kannada=\language37
\l@kurmanji=\language38
\l@latin=\language39
\l@latvian=\language40
\l@lithuanian=\language41
\l@malayalam=\language42
\l@marathi=\language43
\l@mongolian=\language44
\l@mongolianlmc=\language45
\l@monogreek=\language46
\l@ngerman=\language47
\l@ngerman-x-2018-03-31=\language48
\l@nynorsk=\language49
\l@oriya=\language50
\l@panjabi=\language51
\l@piedmontese=\language52
\l@pinyin=\language53
\l@polish=\language54
\l@portuguese=\language55
\l@romanian=\language56
\l@romansh=\language57
\l@russian=\language58
\l@sanskrit=\language59
\l@serbian=\language60
\l@serbianc=\language61
\l@slovak=\language62
\l@slovenian=\language63
\l@spanish=\language64
\l@swedish=\language65
\l@swissgerman=\language66
\l@tamil=\language67
\l@telugu=\language68
\l@thai=\language69
\l@turkish=\language70
\l@turkmen=\language71
\l@ukenglish=\language72
\l@ukrainian=\language73
\l@uppersorbian=\language74
\l@usenglishmax=\language75
\l@welsh=\language76
)
*************************************
* Local config file bblopts.cfg used
*

("C:/Users/Benjamin/AppData/Local/Programs/MiKTeX 2.9/tex/latex/arabi/bblopts.c
fg"
File: bblopts.cfg 2005/09/08 v0.1 add Arabic and Farsi to "declared" options of 
babel
)
("C:/Users/Benjamin/AppData/Local/Programs/MiKTeX 2.9/tex/latex/babel-english/e
nglish.ldf"
Language: english 2017/06/06 v3.3r English support from the babel system

("C:/Users/Benjamin/AppData/Local/Programs/MiKTeX 2.9/tex/generic/babel/babel.d
ef"
File: babel.def 2018/02/14 3.18 Babel common definitions
\babel@savecnt=\count154
\U@D=\dimen190

("C:/Users/Benjamin/AppData/Local/Programs/MiKTeX 2.9/tex/generic/babel/luababe
l.def")
LaTeX Info: Redefining \textlatin on input line 1839.
)
\l@canadian = a dialect from \language\l@american 
\l@australian = a dialect from \language\l@british 
\l@newzealand = a dialect from \language\l@british 
))
("C:/Users/Benjamin/AppData/Local/Programs/MiKTeX 2.9/tex/latex/base/inputenc.s
ty"
Package: inputenc 2015/03/17 v1.2c Input encoding file
\inpenc@prehook=\toks44
\inpenc@posthook=\toks45


Package inputenc Warning: inputenc package ignored with utf8 based engines.

)
("C:/Users/Benjamin/AppData/Local/Programs/MiKTeX 2.9/tex/latex/psnfss/times.st
y"
Package: times 2005/04/12 PSNFSS-v9.2a (SPQR) 
)
("C:/Users/Benjamin/AppData/Local/Programs/MiKTeX 2.9/tex/latex/fontawesome/fon
tawesome.sty"
Package: fontawesome 2016/05/15 v4.6.3.1 font awesome icons

("C:/Users/Benjamin/AppData/Local/Programs/MiKTeX 2.9/tex/latex/fontawesome/fon
tawesomesymbols-generic.tex")
("C:/Users/Benjamin/AppData/Local/Programs/MiKTeX 2.9/tex/latex/fontspec/fontsp
ec.sty"
("C:/Users/Benjamin/AppData/Local/Programs/MiKTeX 2.9/tex/latex/l3packages/xpar
se/xparse.sty"
("C:/Users/Benjamin/AppData/Local/Programs/MiKTeX 2.9/tex/latex/l3kernel/expl3.
sty"
Package: expl3 2018/03/05 L3 programming layer (loader) 

("C:/Users/Benjamin/AppData/Local/Programs/MiKTeX 2.9/tex/latex/l3kernel/expl3-
code.tex"
Package: expl3 2018/03/05 L3 programming layer (code)
\ucharcat@table=\catcodetable5
\c_max_int=\count155
\l_tmpa_int=\count156
\l_tmpb_int=\count157
\g_tmpa_int=\count158
\g_tmpb_int=\count159
\g__intarray_font_int=\count160
\g__prg_map_int=\count161
\c_log_iow=\count162
\l_iow_line_count_int=\count163
\l__iow_line_target_int=\count164
\l__iow_one_indent_int=\count165
\l__iow_indent_int=\count166
\c_zero_dim=\dimen191
\c_max_dim=\dimen192
\l_tmpa_dim=\dimen193
\l_tmpb_dim=\dimen194
\g_tmpa_dim=\dimen195
\g_tmpb_dim=\dimen196
\c_zero_skip=\skip57
\c_max_skip=\skip58
\l_tmpa_skip=\skip59
\l_tmpb_skip=\skip60
\g_tmpa_skip=\skip61
\g_tmpb_skip=\skip62
\c_zero_muskip=\muskip12
\c_max_muskip=\muskip13
\l_tmpa_muskip=\muskip14
\l_tmpb_muskip=\muskip15
\g_tmpa_muskip=\muskip16
\g_tmpb_muskip=\muskip17
\l_keys_choice_int=\count167
\c__fp_leading_shift_int=\count168
\c__fp_middle_shift_int=\count169
\c__fp_trailing_shift_int=\count170
\c__fp_big_leading_shift_int=\count171
\c__fp_big_middle_shift_int=\count172
\c__fp_big_trailing_shift_int=\count173
\c__fp_Bigg_leading_shift_int=\count174
\c__fp_Bigg_middle_shift_int=\count175
\c__fp_Bigg_trailing_shift_int=\count176
\c__fp_rand_size_int=\count177
\c__fp_rand_four_int=\count178
\c__fp_rand_eight_int=\count179
\l__sort_length_int=\count180
\l__sort_min_int=\count181
\l__sort_top_int=\count182
\l__sort_max_int=\count183
\l__sort_true_max_int=\count184
\l__sort_block_int=\count185
\l__sort_begin_int=\count186
\l__sort_end_int=\count187
\l__sort_A_int=\count188
\l__sort_B_int=\count189
\l__sort_C_int=\count190
\l__tl_build_start_index_int=\count191
\l__tl_build_index_int=\count192
\l__tl_analysis_normal_int=\count193
\l__tl_analysis_index_int=\count194
\l__tl_analysis_nesting_int=\count195
\l__tl_analysis_type_int=\count196
\l__regex_internal_a_int=\count197
\l__regex_internal_b_int=\count198
\l__regex_internal_c_int=\count199
\l__regex_balance_int=\count266
\l__regex_group_level_int=\count267
\l__regex_mode_int=\count268
\c__regex_cs_in_class_mode_int=\count269
\c__regex_cs_mode_int=\count270
\l__regex_catcodes_int=\count271
\l__regex_default_catcodes_int=\count272
\c__regex_catcode_L_int=\count273
\c__regex_catcode_O_int=\count274
\c__regex_catcode_A_int=\count275
\c__regex_all_catcodes_int=\count276
\l__regex_show_lines_int=\count277
\l__regex_min_state_int=\count278
\l__regex_max_state_int=\count279
\l__regex_left_state_int=\count280
\l__regex_right_state_int=\count281
\l__regex_capturing_group_int=\count282
\l__regex_min_pos_int=\count283
\l__regex_max_pos_int=\count284
\l__regex_curr_pos_int=\count285
\l__regex_start_pos_int=\count286
\l__regex_success_pos_int=\count287
\l__regex_curr_char_int=\count288
\l__regex_curr_catcode_int=\count289
\l__regex_last_char_int=\count290
\l__regex_case_changed_char_int=\count291
\l__regex_curr_state_int=\count292
\l__regex_step_int=\count293
\l__regex_min_active_int=\count294
\l__regex_max_active_int=\count295
\l__regex_replacement_csnames_int=\count296
\l__regex_match_count_int=\count297
\l__regex_min_submatch_int=\count298
\l__regex_submatch_int=\count299
\l__regex_zeroth_submatch_int=\count300
\g__regex_trace_regex_int=\count301
\c_empty_box=\box53
\l_tmpa_box=\box54
\l_tmpb_box=\box55
\g_tmpa_box=\box56
\g_tmpb_box=\box57
\l__box_top_dim=\dimen197
\l__box_bottom_dim=\dimen198
\l__box_left_dim=\dimen199
\l__box_right_dim=\dimen256
\l__box_top_new_dim=\dimen257
\l__box_bottom_new_dim=\dimen258
\l__box_left_new_dim=\dimen259
\l__box_right_new_dim=\dimen260
\l__box_internal_box=\box58
\l__coffin_internal_box=\box59
\l__coffin_internal_dim=\dimen261
\l__coffin_offset_x_dim=\dimen262
\l__coffin_offset_y_dim=\dimen263
\l__coffin_x_dim=\dimen264
\l__coffin_y_dim=\dimen265
\l__coffin_x_prime_dim=\dimen266
\l__coffin_y_prime_dim=\dimen267
\c_empty_coffin=\box60
\l__coffin_aligned_coffin=\box61
\l__coffin_aligned_internal_coffin=\box62
\l_tmpa_coffin=\box63
\l_tmpb_coffin=\box64
\l__coffin_display_coffin=\box65
\l__coffin_display_coord_coffin=\box66
\l__coffin_display_pole_coffin=\box67
\l__coffin_display_offset_dim=\dimen268
\l__coffin_display_x_dim=\dimen269
\l__coffin_display_y_dim=\dimen270
\l__coffin_bounding_shift_dim=\dimen271
\l__coffin_left_corner_dim=\dimen272
\l__coffin_right_corner_dim=\dimen273
\l__coffin_bottom_corner_dim=\dimen274
\l__coffin_top_corner_dim=\dimen275
\l__coffin_scaled_total_height_dim=\dimen276
\l__coffin_scaled_width_dim=\dimen277
)
("C:/Users/Benjamin/AppData/Local/Programs/MiKTeX 2.9/tex/latex/l3kernel/l3pdfm
ode.def"
File: l3pdfmode.def 2017/03/18 v L3 Experimental driver: PDF mode
\l__driver_color_stack_int=\count302
))
Package: xparse 2018/02/21 L3 Experimental document command parser
\l__xparse_current_arg_int=\count303
\g__xparse_grabber_int=\count304
\l__xparse_m_args_int=\count305
\l__xparse_mandatory_args_int=\count306
\l__xparse_v_nesting_int=\count307
)
Package: fontspec 2017/11/09 v2.6g Font selection for XeLaTeX and LuaLaTeX
Lua module: fontspec 2017/11/09 2.6g Font selection for XeLaTeX and LuaLaTeX
("C:/Users/Benjamin/AppData/Local/Programs/MiKTeX 2.9/tex/latex/fontspec/fontsp
ec-luatex.sty"
Package: fontspec-luatex 2017/11/09 v2.6g Font selection for XeLaTeX and LuaLaTe
X
\l__fontspec_script_int=\count308
\l__fontspec_language_int=\count309
\l__fontspec_strnum_int=\count310
\l__fontspec_tmp_int=\count311
\l__fontspec_em_int=\count312
\l__fontspec_emdef_int=\count313
\l__fontspec_strong_int=\count314
\l__fontspec_strongdef_int=\count315
\l__fontspec_tmpa_dim=\dimen278
\l__fontspec_tmpb_dim=\dimen279
\l__fontspec_tmpc_dim=\dimen280
\g__file_internal_ior=\read2

("C:/Users/Benjamin/AppData/Local/Programs/MiKTeX 2.9/tex/latex/base/fontenc.st
y"
Package: fontenc 2017/04/05 v2.0i Standard LaTeX package

("C:/Users/Benjamin/AppData/Local/Programs/MiKTeX 2.9/tex/latex/base/tuenc.def"
File: tuenc.def 2017/04/05 v2.0i Standard LaTeX file
LaTeX Font Info:    Redeclaring font encoding TU on input line 82.
))
.................................................
. LaTeX info: "xparse/define-command"
. 
. Defining command \fontspec with sig. 'O{}mO{}' on line 545.
.................................................
.................................................
. LaTeX info: "xparse/define-command"
. 
. Defining command \setmainfont with sig. 'O{}mO{}' on line 549.
.................................................
.................................................
. LaTeX info: "xparse/define-command"
. 
. Defining command \setsansfont with sig. 'O{}mO{}' on line 553.
.................................................
.................................................
. LaTeX info: "xparse/define-command"
. 
. Defining command \setmonofont with sig. 'O{}mO{}' on line 557.
.................................................
.................................................
. LaTeX info: "xparse/define-command"
. 
. Defining command \setmathrm with sig. 'O{}mO{}' on line 561.
.................................................
.................................................
. LaTeX info: "xparse/define-command"
. 
. Defining command \setboldmathrm with sig. 'O{}mO{}' on line 565.
.................................................
.................................................
. LaTeX info: "xparse/define-command"
. 
. Defining command \setmathsf with sig. 'O{}mO{}' on line 569.
.................................................
.................................................
. LaTeX info: "xparse/define-command"
. 
. Defining command \setmathtt with sig. 'O{}mO{}' on line 573.
.................................................
.................................................
. LaTeX info: "xparse/define-command"
. 
. Defining command \setromanfont with sig. 'O{}mO{}' on line 577.
.................................................
.................................................
. LaTeX info: "xparse/define-command"
. 
. Defining command \newfontfamily with sig. 'mO{}mO{}' on line 581.
.................................................
.................................................
. LaTeX info: "xparse/define-command"
. 
. Defining command \newfontface with sig. 'mO{}mO{}' on line 585.
.................................................
.................................................
. LaTeX info: "xparse/define-command"
. 
. Defining command \defaultfontfeatures with sig. 't+om' on line 589.
.................................................
.................................................
. LaTeX info: "xparse/define-command"
. 
. Defining command \addfontfeatures with sig. 'm' on line 593.
.................................................
.................................................
. LaTeX info: "xparse/define-command"
. 
. Defining command \addfontfeature with sig. 'm' on line 597.
.................................................
.................................................
. LaTeX info: "xparse/define-command"
. 
. Defining command \newfontfeature with sig. 'mm' on line 601.
.................................................
.................................................
. LaTeX info: "xparse/define-command"
. 
. Defining command \newAATfeature with sig. 'mmmm' on line 605.
.................................................
.................................................
. LaTeX info: "xparse/define-command"
. 
. Defining command \newopentypefeature with sig. 'mmm' on line 609.
.................................................
.................................................
. LaTeX info: "xparse/define-command"
. 
. Defining command \newICUfeature with sig. 'mmm' on line 613.
.................................................
.................................................
. LaTeX info: "xparse/define-command"
. 
. Defining command \aliasfontfeature with sig. 'mm' on line 617.
.................................................
.................................................
. LaTeX info: "xparse/define-command"
. 
. Defining command \aliasfontfeatureoption with sig. 'mmm' on line 621.
.................................................
.................................................
. LaTeX info: "xparse/define-command"
. 
. Defining command \newfontscript with sig. 'mm' on line 625.
.................................................
.................................................
. LaTeX info: "xparse/define-command"
. 
. Defining command \newfontlanguage with sig. 'mm' on line 629.
.................................................
.................................................
. LaTeX info: "xparse/define-command"
. 
. Defining command \DeclareFontsExtensions with sig. 'm' on line 633.
.................................................
.................................................
. LaTeX info: "xparse/define-command"
. 
. Defining command \IfFontFeatureActiveTF with sig. 'mmm' on line 637.
.................................................
.................................................
. LaTeX info: "xparse/define-command"
. 
. Defining command \EncodingCommand with sig. 'mO{}m' on line 3366.
.................................................
.................................................
. LaTeX info: "xparse/define-command"
. 
. Defining command \EncodingAccent with sig. 'mm' on line 3372.
.................................................
.................................................
. LaTeX info: "xparse/define-command"
. 
. Defining command \EncodingSymbol with sig. 'mm' on line 3378.
.................................................
.................................................
. LaTeX info: "xparse/define-command"
. 
. Defining command \EncodingComposite with sig. 'mmm' on line 3384.
.................................................
.................................................
. LaTeX info: "xparse/define-command"
. 
. Defining command \EncodingCompositeCommand with sig. 'mmm' on line 3390.
.................................................
.................................................
. LaTeX info: "xparse/define-command"
. 
. Defining command \DeclareUnicodeEncoding with sig. 'mm' on line 3415.
.................................................
.................................................
. LaTeX info: "xparse/define-command"
. 
. Defining command \UndeclareSymbol with sig. 'm' on line 3421.
.................................................
.................................................
. LaTeX info: "xparse/define-command"
. 
. Defining command \UndeclareAccent with sig. 'm' on line 3427.
.................................................
.................................................
. LaTeX info: "xparse/define-command"
. 
. Defining command \UndeclareCommand with sig. 'm' on line 3433.
.................................................
.................................................
. LaTeX info: "xparse/define-command"
. 
. Defining command \UndeclareComposite with sig. 'mm' on line 3440.
.................................................

("C:/Users/Benjamin/AppData/Local/Programs/MiKTeX 2.9/tex/latex/fontspec/fontsp
ec.cfg")
LaTeX Info: Redefining \itshape on input line 3625.
LaTeX Info: Redefining \slshape on input line 3630.
LaTeX Info: Redefining \scshape on input line 3635.
LaTeX Info: Redefining \upshape on input line 3640.
LaTeX Info: Redefining \em on input line 3670.
LaTeX Info: Redefining \emph on input line 3695.
(load luc: C:/Users/Benjamin/AppData/Local/MiKTeX/2.9/luatex-cache/generic/fonts
/otl/lmsans10-bold.luc)
LaTeX Font Info:    Font shape `TU/lmss/m/it' in size <10.95> not available
(Font)              Font shape `TU/lmss/m/sl' tried instead on input line 3745.
(load luc: C:/Users/Benjamin/AppData/Local/MiKTeX/2.9/luatex-cache/generic/fonts
/otl/lmsans10-oblique.luc)
LaTeX Info: Redefining \- on input line 3749.
.................................................
. LaTeX info: "xparse/redefine-command"
. 
. Redefining command \oldstylenums with sig. 'm' on line 3844.
.................................................
.................................................
. LaTeX info: "xparse/define-command"
. 
. Defining command \liningnums with sig. 'm' on line 3848.
.................................................
))
luaotfload | cache : Lookup cache loaded from C:/Users/Benjamin/AppData/Local/Mi
KTeX/2.9/luatex-cache/generic/names/luaotfload-lookup-cache.luc.(load luc: C:/Us
ers/Benjamin/AppData/Local/MiKTeX/2.9/luatex-cache/generic/fonts/otl/fontawesome
.luc)
luaotfload | aux : font no 27 (nil) defines no feature for script latn
luaotfload | aux : no font with id 27
.................................................
. fontspec info: "no-scripts"
. 
. Font "FontAwesome" does not contain any OpenType `Script' information.
.................................................
\g__fontspec_family_FontAwesome_int=\count316
.................................................
. fontspec info: "no-font-shape"
. 
. Could not resolve font "FontAwesome/BI" (it probably doesn't exist).
.................................................
.................................................
. fontspec info: "no-font-shape"
. 
. Could not resolve font "FontAwesome/B" (it probably doesn't exist).
.................................................
.................................................
. fontspec info: "no-font-shape"
. 
. Could not resolve font "FontAwesome/I" (it probably doesn't exist).
.................................................
luaotfload | aux : font no 27 (nil) does not define feature smcp for script  wit
h language 
luaotfload | aux : no font with id 27
.................................................
. fontspec info: "defining-font"
. 
. Font family 'FontAwesome(0)' created for font 'FontAwesome' with options [].
.  
.  This font family consists of the following NFSS series/shapes:
.  
. - 'normal' (m/n) with NFSS spec.: <->"FontAwesome:mode=node;"
. - 'small caps'  (m/sc) with NFSS spec.: 
.................................................

("C:/Users/Benjamin/AppData/Local/Programs/MiKTeX 2.9/tex/latex/fontawesome/fon
tawesomesymbols-xeluatex.tex"))
("C:/Users/Benjamin/AppData/Local/Programs/MiKTeX 2.9/tex/latex/base/latexsym.s
ty"
Package: latexsym 1998/08/17 v2.2e Standard LaTeX package (lasy symbols)
\symlasy=\mathgroup6
LaTeX Font Info:    Overwriting symbol font `lasy' in version `bold'
(Font)                  U/lasy/m/n --> U/lasy/b/n on input line 52.
)
("C:/Users/Benjamin/AppData/Local/Programs/MiKTeX 2.9/tex/latex/adjustbox/adjus
tbox.sty"
Package: adjustbox 2012/05/21 v1.0 Adjusting TeX boxes (trim, clip, ...)

("C:/Users/Benjamin/AppData/Local/Programs/MiKTeX 2.9/tex/latex/xkeyval/xkeyval
.sty"
Package: xkeyval 2014/12/03 v2.7a package option processing (HA)

("C:/Users/Benjamin/AppData/Local/Programs/MiKTeX 2.9/tex/generic/xkeyval/xkeyv
al.tex"
("C:/Users/Benjamin/AppData/Local/Programs/MiKTeX 2.9/tex/generic/xkeyval/xkvut
ils.tex"
\XKV@toks=\toks46
\XKV@tempa@toks=\toks47
)
\XKV@depth=\count317
File: xkeyval.tex 2014/12/03 v2.7a key=value parser (HA)
))
("C:/Users/Benjamin/AppData/Local/Programs/MiKTeX 2.9/tex/latex/adjustbox/adjca
lc.sty"
Package: adjcalc 2012/05/16 v1.1 Provides advanced setlength with multiple back-
ends (calc, etex, pgfmath)
)
("C:/Users/Benjamin/AppData/Local/Programs/MiKTeX 2.9/tex/latex/adjustbox/trimc
lip.sty"
Package: trimclip 2012/05/16 v1.0 Trim and clip general TeX material

("C:/Users/Benjamin/AppData/Local/Programs/MiKTeX 2.9/tex/latex/collectbox/coll
ectbox.sty"
Package: collectbox 2012/05/17 v0.4b Collect macro arguments as boxes
\collectedbox=\box68
)
\tc@llx=\dimen281
\tc@lly=\dimen282
\tc@urx=\dimen283
\tc@ury=\dimen284

("C:/Users/Benjamin/AppData/Local/Programs/MiKTeX 2.9/tex/latex/adjustbox/tc-pg
f.def"
File: tc-pgf.def 2012/05/13 v1.0 trimclip fall-back clipping driver using PGF

("C:/Users/Benjamin/AppData/Local/Programs/MiKTeX 2.9/tex/latex/pgf/basiclayer/
pgf.sty"
Package: pgf 2015/08/07 v3.0.1a (rcs-revision 1.15)

("C:/Users/Benjamin/AppData/Local/Programs/MiKTeX 2.9/tex/generic/pgf/modules/p
gfmoduleshapes.code.tex"
File: pgfmoduleshapes.code.tex 2014/03/21  (rcs-revision 1.35)
\pgfnodeparttextbox=\box69
)
("C:/Users/Benjamin/AppData/Local/Programs/MiKTeX 2.9/tex/generic/pgf/modules/p
gfmoduleplot.code.tex"
File: pgfmoduleplot.code.tex 2015/08/03  (rcs-revision 1.13)
)
("C:/Users/Benjamin/AppData/Local/Programs/MiKTeX 2.9/tex/latex/pgf/compatibili
ty/pgfcomp-version-0-65.sty"
Package: pgfcomp-version-0-65 2007/07/03 v3.0.1a (rcs-revision 1.7)
\pgf@nodesepstart=\dimen285
\pgf@nodesepend=\dimen286
)
("C:/Users/Benjamin/AppData/Local/Programs/MiKTeX 2.9/tex/latex/pgf/compatibili
ty/pgfcomp-version-1-18.sty"
Package: pgfcomp-version-1-18 2007/07/23 v3.0.1a (rcs-revision 1.1)
)))
Package trimclip Info: No clipping driver 'tc-luatex.def' available.
(trimclip)             Using fall-back PGF driver.
)
\adjbox@Width=\dimen287
\adjbox@Height=\dimen288
\adjbox@Depth=\dimen289
\adjbox@Totalheight=\dimen290

("C:/Users/Benjamin/AppData/Local/Programs/MiKTeX 2.9/tex/latex/ifoddpage/ifodd
page.sty"
Package: ifoddpage 2016/04/23 v1.1 Conditionals for odd/even page detection
\c@checkoddpage=\count318
)
("C:/Users/Benjamin/AppData/Local/Programs/MiKTeX 2.9/tex/latex/ltxmisc/varwidt
h.sty"
Package: varwidth 2009/03/30 ver 0.92;  Variable-width minipages
\@vwid@box=\box70
\sift@deathcycles=\count319
\@vwid@loff=\dimen291
\@vwid@roff=\dimen292
))
("C:/Users/Benjamin/AppData/Local/Programs/MiKTeX 2.9/tex/latex/beamerposter/be
amerposter.sty"
Package: beamerposter 2015/04/21 v.1.12 latex-beamer poster extension

("C:/Users/Benjamin/AppData/Local/Programs/MiKTeX 2.9/tex/latex/type1cm/type1cm
.sty"
Package: type1cm 2002/09/05 v0.04 BlueSky/Y&Y Type1 CM font definitions (DPC, pa
tched RF)
) ("C:/Users/Benjamin/AppData/Local/Programs/MiKTeX 2.9/tex/latex/fp/fp.sty"
Package: fp 1995/04/02
 `Fixed Point Package', Version 0.8, April 2, 1995 (C) Michael Mehlich
("C:/Users/Benjamin/AppData/Local/Programs/MiKTeX 2.9/tex/latex/fp/defpattern.s
ty"
Package: defpattern 1994/10/12
\actioncount=\count320
)
("C:/Users/Benjamin/AppData/Local/Programs/MiKTeX 2.9/tex/latex/fp/fp-basic.sty
"
Package: fp-basic 1996/05/13
\FP@xs=\count321
\FP@xia=\count322
\FP@xib=\count323
\FP@xfa=\count324
\FP@xfb=\count325
\FP@rega=\count326
\FP@regb=\count327
\FP@regs=\count328
\FP@times=\count329
)
("C:/Users/Benjamin/AppData/Local/Programs/MiKTeX 2.9/tex/latex/fp/fp-addons.st
y"
Package: fp-addons 1995/03/15
)
("C:/Users/Benjamin/AppData/Local/Programs/MiKTeX 2.9/tex/latex/fp/fp-snap.sty"
Package: fp-snap 1995/04/05
) ("C:/Users/Benjamin/AppData/Local/Programs/MiKTeX 2.9/tex/latex/fp/fp-exp.sty
"
Package: fp-exp 1995/04/03
)
("C:/Users/Benjamin/AppData/Local/Programs/MiKTeX 2.9/tex/latex/fp/fp-trigo.sty
"
Package: fp-trigo 1995/04/14
) ("C:/Users/Benjamin/AppData/Local/Programs/MiKTeX 2.9/tex/latex/fp/fp-pas.sty
"
Package: fp-pas 1994/08/29
)
("C:/Users/Benjamin/AppData/Local/Programs/MiKTeX 2.9/tex/latex/fp/fp-random.st
y"
Package: fp-random 1995/02/23
\FPseed=\count330
)
("C:/Users/Benjamin/AppData/Local/Programs/MiKTeX 2.9/tex/latex/fp/fp-eqn.sty"
Package: fp-eqn 1995/04/03
) ("C:/Users/Benjamin/AppData/Local/Programs/MiKTeX 2.9/tex/latex/fp/fp-upn.sty
"
Package: fp-upn 1996/10/21
) ("C:/Users/Benjamin/AppData/Local/Programs/MiKTeX 2.9/tex/latex/fp/fp-eval.st
y"
Package: fp-eval 1995/04/03
))
Package beamerposter Info: checking size input, please wait. on input line 128.
Package beamerposter Info: the input a0\ 1\ was correct, we proceed. on input li
ne 128.
Package beamerposter Info: finished size input check. on input line 128.
Package beamerposter Info: myfontscale=1.0 on input line 128.
Package beamerposter Info: checking orientation input, please wait. on input lin
e 129.
Package beamerposter Info: the input portrait\ 0\ was correct, we proceed. on in
put line 129.
Package beamerposter Info: finished orientation check. on input line 129.
Package beamerposter Info: checking size input, please wait. on input line 129.
Package beamerposter Info: the input a0\ 1\ was correct, we proceed. on input li
ne 129.
Package beamerposter Info: finished size input check. on input line 129.
Package beamerposter Info: myfontscale=1.4 on input line 129.
 ( FP-UPN ( FP-MUL ) ( FP-ROUND ) )
\tmp=\dimen293
Package beamerposter Info: paperwidth=2388.89357pt, paperheight=3380.75665pt on 
input line 172.
Package beamerposter Info: textwidth=2360.44081pt, textwidth=3352.3039pt on inpu
t line 173.
Package beamerposter Info: fontscale=1.0, myfontscale=1.40 on input line 174.
 ( FP-UPN ( FP-MUL ) ( FP-ROUND ) )
( FP-UPN ( FP-MUL ) ( FP-ROUND ) ) ( FP-UPN ( FP-MUL ) ( FP-ROUND ) ) ( FP-UPN
( FP-MUL ) ( FP-ROUND ) ) ( FP-UPN ( FP-MUL ) ( FP-ROUND ) ) ( FP-UPN ( FP-MUL
) ( FP-ROUND ) ) ( FP-UPN ( FP-MUL ) ( FP-ROUND ) ) ( FP-UPN ( FP-MUL )
( FP-ROUND ) ) ( FP-UPN ( FP-MUL ) ( FP-ROUND ) ) ( FP-UPN ( FP-MUL )
( FP-ROUND ) ) ( FP-UPN ( FP-MUL ) ( FP-ROUND ) ) ( FP-UPN ( FP-MUL )
( FP-ROUND ) ) ( FP-UPN ( FP-MUL ) ( FP-ROUND ) ) ( FP-UPN ( FP-MUL )
( FP-ROUND ) ) ( FP-UPN ( FP-MUL ) ( FP-ROUND ) ) ( FP-UPN ( FP-MUL )
( FP-ROUND ) ) ( FP-UPN ( FP-MUL ) ( FP-ROUND ) ) ( FP-UPN ( FP-MUL )
( FP-ROUND ) ) ( FP-UPN ( FP-MUL ) ( FP-ROUND ) ) ( FP-UPN ( FP-MUL )
( FP-ROUND ) ) ( FP-UPN ( FP-MUL ) ( FP-ROUND ) ) ( FP-UPN ( FP-MUL )
( FP-ROUND ) ) ( FP-UPN ( FP-MUL ) ( FP-ROUND ) ) ( FP-UPN ( FP-MUL )
( FP-ROUND ) ) ( FP-UPN ( FP-MUL ) ( FP-ROUND ) ) ( FP-UPN ( FP-MUL )
( FP-ROUND ) ) ( FP-UPN ( FP-MUL ) ( FP-ROUND ) ) ( FP-UPN ( FP-MUL )
( FP-ROUND ) ) ( FP-UPN ( FP-MUL ) ( FP-ROUND ) ) ( FP-UPN ( FP-MUL )
( FP-ROUND ) ) ( FP-UPN ( FP-MUL ) ( FP-ROUND ) ) ( FP-UPN ( FP-MUL )
( FP-ROUND ) )) (./beamerthemeSharelatex.sty
Package: beamerthemeSharelatex 
 (./tangocolors.sty)
("C:/Users/Benjamin/AppData/Local/Programs/MiKTeX 2.9/tex/latex/tcolorbox/tcolo
rbox.sty"
Package: tcolorbox 2018/03/22 version 4.13 text color boxes

("C:/Users/Benjamin/AppData/Local/Programs/MiKTeX 2.9/tex/latex/tools/verbatim.
sty"
Package: verbatim 2014/10/28 v1.5q LaTeX2e package for verbatim enhancements
\every@verbatim=\toks48
\verbatim@line=\toks49
\verbatim@in@stream=\read3
)
("C:/Users/Benjamin/AppData/Local/Programs/MiKTeX 2.9/tex/latex/environ/environ
.sty"
Package: environ 2014/05/04 v0.3 A new way to define environments

("C:/Users/Benjamin/AppData/Local/Programs/MiKTeX 2.9/tex/latex/trimspaces/trim
spaces.sty"
Package: trimspaces 2009/09/17 v1.1 Trim spaces around a token list
))
\tcb@titlebox=\box71
\tcb@upperbox=\box72
\tcb@lowerbox=\box73
\tcb@phantombox=\box74
\c@tcbbreakpart=\count331
\c@tcblayer=\count332
\tcolorbox@number=\count333
\tcb@temp=\box75
\tcb@temp=\box76
\tcb@temp=\box77
\tcb@temp=\box78
\tcb@out=\write5
\tcb@record@out=\write6

("C:/Users/Benjamin/AppData/Local/Programs/MiKTeX 2.9/tex/latex/tcolorbox/tcbpo
ster.code.tex"
Library (tcolorbox): 'tcbposter.code.tex' version '4.13'

("C:/Users/Benjamin/AppData/Local/Programs/MiKTeX 2.9/tex/latex/tcolorbox/tcbbr
eakable.code.tex"
Library (tcolorbox): 'tcbbreakable.code.tex' version '4.13'
\tcb@testbox=\box79
\tcb@totalupperbox=\box80
\tcb@totallowerbox=\box81
)
("C:/Users/Benjamin/AppData/Local/Programs/MiKTeX 2.9/tex/latex/tcolorbox/tcbma
gazine.code.tex"
Library (tcolorbox): 'tcbmagazine.code.tex' version '4.13'
)
("C:/Users/Benjamin/AppData/Local/Programs/MiKTeX 2.9/tex/latex/tcolorbox/tcbsk
ins.code.tex"
Library (tcolorbox): 'tcbskins.code.tex' version '4.13'

("C:/Users/Benjamin/AppData/Local/Programs/MiKTeX 2.9/tex/latex/pgf/frontendlay
er/tikz.sty"
("C:/Users/Benjamin/AppData/Local/Programs/MiKTeX 2.9/tex/latex/pgf/utilities/p
gffor.sty"
("C:/Users/Benjamin/AppData/Local/Programs/MiKTeX 2.9/tex/latex/pgf/utilities/p
gfkeys.sty"
("C:/Users/Benjamin/AppData/Local/Programs/MiKTeX 2.9/tex/generic/pgf/utilities
/pgfkeys.code.tex"))
("C:/Users/Benjamin/AppData/Local/Programs/MiKTeX 2.9/tex/latex/pgf/math/pgfmat
h.sty"
("C:/Users/Benjamin/AppData/Local/Programs/MiKTeX 2.9/tex/generic/pgf/math/pgfm
ath.code.tex"))
("C:/Users/Benjamin/AppData/Local/Programs/MiKTeX 2.9/tex/generic/pgf/utilities
/pgffor.code.tex"
Package: pgffor 2013/12/13 v3.0.1a (rcs-revision 1.25)

("C:/Users/Benjamin/AppData/Local/Programs/MiKTeX 2.9/tex/generic/pgf/math/pgfm
ath.code.tex")
\pgffor@iter=\dimen294
\pgffor@skip=\dimen295
\pgffor@stack=\toks50
\pgffor@toks=\toks51
))
("C:/Users/Benjamin/AppData/Local/Programs/MiKTeX 2.9/tex/generic/pgf/frontendl
ayer/tikz/tikz.code.tex"
Package: tikz 2015/08/07 v3.0.1a (rcs-revision 1.151)

("C:/Users/Benjamin/AppData/Local/Programs/MiKTeX 2.9/tex/generic/pgf/libraries
/pgflibraryplothandlers.code.tex"
File: pgflibraryplothandlers.code.tex 2013/08/31 v3.0.1a (rcs-revision 1.20)
\pgf@plot@mark@count=\count334
\pgfplotmarksize=\dimen296
)
\tikz@lastx=\dimen297
\tikz@lasty=\dimen298
\tikz@lastxsaved=\dimen299
\tikz@lastysaved=\dimen300
\tikzleveldistance=\dimen301
\tikzsiblingdistance=\dimen302
\tikz@figbox=\box82
\tikz@figbox@bg=\box83
\tikz@tempbox=\box84
\tikz@tempbox@bg=\box85
\tikztreelevel=\count335
\tikznumberofchildren=\count336
\tikznumberofcurrentchild=\count337
\tikz@fig@count=\count338

("C:/Users/Benjamin/AppData/Local/Programs/MiKTeX 2.9/tex/generic/pgf/modules/p
gfmodulematrix.code.tex"
File: pgfmodulematrix.code.tex 2013/09/17  (rcs-revision 1.8)
\pgfmatrixcurrentrow=\count339
\pgfmatrixcurrentcolumn=\count340
\pgf@matrix@numberofcolumns=\count341
)
\tikz@expandcount=\count342

("C:/Users/Benjamin/AppData/Local/Programs/MiKTeX 2.9/tex/generic/pgf/frontendl
ayer/tikz/libraries/tikzlibrarytopaths.code.tex"
File: tikzlibrarytopaths.code.tex 2008/06/17 v3.0.1a (rcs-revision 1.2)
)))
\tcb@waterbox=\box86

("C:/Users/Benjamin/AppData/Local/Programs/MiKTeX 2.9/tex/latex/tcolorbox/tcbsk
insjigsaw.code.tex"
Library (tcolorbox): 'tcbskinsjigsaw.code.tex' version '4.13'
))
("C:/Users/Benjamin/AppData/Local/Programs/MiKTeX 2.9/tex/latex/tcolorbox/tcbfi
tting.code.tex"
Library (tcolorbox): 'tcbfitting.code.tex' version '4.13'
\tcbfitdim=\dimen303
\tcb@lowerfitdim=\dimen304
\tcb@upperfitdim=\dimen305
\tcb@cur@hbadness=\count343
)))
("C:/Users/Benjamin/AppData/Local/Programs/MiKTeX 2.9/tex/latex/tcolorbox/tcbxp
arse.code.tex"
Library (tcolorbox): 'tcbxparse.code.tex' version '4.13'
.................................................
. LaTeX info: "xparse/define-command"
. 
. Defining command \tcboxverb with sig. ' O{} v ' on line 128.
.................................................
.................................................
. LaTeX info: "xparse/define-command"
. 
. Defining command \tcbsidebyside with sig. ' +O{} +m +m ' on line 280.
.................................................
)) (./example.aux)
\openout1 = example.aux

LaTeX Font Info:    Checking defaults for OML/cmm/m/it on input line 22.
LaTeX Font Info:    ... okay on input line 22.
LaTeX Font Info:    Checking defaults for T1/cmr/m/n on input line 22.
LaTeX Font Info:    ... okay on input line 22.
LaTeX Font Info:    Checking defaults for OT1/cmr/m/n on input line 22.
LaTeX Font Info:    ... okay on input line 22.
LaTeX Font Info:    Checking defaults for OMS/cmsy/m/n on input line 22.
LaTeX Font Info:    ... okay on input line 22.
LaTeX Font Info:    Checking defaults for TU/lmr/m/n on input line 22.
LaTeX Font Info:    ... okay on input line 22.
LaTeX Font Info:    Checking defaults for OMX/cmex/m/n on input line 22.
LaTeX Font Info:    ... okay on input line 22.
LaTeX Font Info:    Checking defaults for U/cmr/m/n on input line 22.
LaTeX Font Info:    ... okay on input line 22.
LaTeX Font Info:    Checking defaults for PD1/pdf/m/n on input line 22.
LaTeX Font Info:    ... okay on input line 22.
(load luc: C:/Users/Benjamin/AppData/Local/MiKTeX/2.9/luatex-cache/generic/fonts
/otl/lmsans17-regular.luc)
*geometry* driver: auto-detecting
*geometry* detected driver: luatex
*geometry* verbose mode - [ preamble ] result:
* driver: luatex
* paper: custom
* layout: <same size as paper>
* layoutoffset:(h,v)=(0.0pt,0.0pt)
* modes: includehead includefoot 
* h-part:(L,W,R)=(0.0pt, 2388.89357pt, 0.0pt)
* v-part:(T,H,B)=(0.0pt, 3380.75665pt, 0.0pt)
* \paperwidth=2388.89357pt
* \paperheight=3380.75665pt
* \textwidth=2388.89357pt
* \textheight=3352.30392pt
* \oddsidemargin=-72.26999pt
* \evensidemargin=-72.26999pt
* \topmargin=-72.26999pt
* \headheight=14.22636pt
* \headsep=0.0pt
* \topskip=11.0pt
* \footskip=14.22636pt
* \marginparwidth=4.0pt
* \marginparsep=10.0pt
* \columnsep=10.0pt
* \skip\footins=10.0pt plus 4.0pt minus 2.0pt
* \hoffset=0.0pt
* \voffset=0.0pt
* \mag=1000
* \@twocolumnfalse
* \@twosidefalse
* \@mparswitchfalse
* \@reversemarginfalse
* (1in=72.27pt=25.4mm, 1cm=28.453pt)


("C:/Users/Benjamin/AppData/Local/Programs/MiKTeX 2.9/tex/context/base/supp-pdf
.mkii"
[Loading MPS to PDF converter (version 2006.09.02).]
\scratchcounter=\count344
\scratchdimen=\dimen306
\scratchbox=\box87
\nofMPsegments=\count345
\nofMParguments=\count346
\everyMPshowfont=\toks52
\MPscratchCnt=\count347
\MPscratchDim=\dimen307
\MPnumerator=\count348
\makeMPintoPDFobject=\count349
\everyMPtoPDFconversion=\toks53
)
("C:/Users/Benjamin/AppData/Local/Programs/MiKTeX 2.9/tex/latex/oberdiek/epstop
df-base.sty"
Package: epstopdf-base 2016/05/15 v2.6 Base part for package epstopdf

("C:/Users/Benjamin/AppData/Local/Programs/MiKTeX 2.9/tex/latex/oberdiek/grfext
.sty"
Package: grfext 2016/05/16 v1.2 Manage graphics extensions (HO)
)
Package epstopdf-base Info: Redefining graphics rule for `.eps' on input line 43
8.
Package grfext Info: Graphics extension search list:
(grfext)             [.pdf,.png,.jpg,.mps,.jpeg,.jbig2,.jb2,.PDF,.PNG,.JPG,.JPEG
,.JBIG2,.JB2,.eps]
(grfext)             \AppendGraphicsExtensions on input line 456.
) ABD: EveryShipout initializing macros
\AtBeginShipoutBox=\box88
Package hyperref Info: Link coloring OFF on input line 22.

("C:/Users/Benjamin/AppData/Local/Programs/MiKTeX 2.9/tex/latex/hyperref/namere
f.sty"
Package: nameref 2016/05/21 v2.44 Cross-referencing by name of section

("C:/Users/Benjamin/AppData/Local/Programs/MiKTeX 2.9/tex/generic/oberdiek/gett
itlestring.sty"
Package: gettitlestring 2016/05/16 v1.5 Cleanup title references (HO)
)
\c@section@level=\count350
)
LaTeX Info: Redefining \ref on input line 22.
LaTeX Info: Redefining \pageref on input line 22.
LaTeX Info: Redefining \nameref on input line 22.
 (./example.out) (./example.out)
\@outlinefile=\write7

\openout7 = example.out
LaTeX Font Info:    Overwriting symbol font `operators' in version `normal'
(Font)                  OT1/cmr/m/n --> OT1/cmss/m/n on input line 22.
LaTeX Font Info:    Overwriting symbol font `operators' in version `bold'
(Font)                  OT1/cmr/bx/n --> OT1/cmss/bx/n on input line 22.
\symnumbers=\mathgroup7
\sympureletters=\mathgroup8
LaTeX Font Info:    Overwriting math alphabet `\mathrm' in version `normal'
(Font)                  OT1/cmss/m/n --> TU/lmr/m/n on input line 22.
LaTeX Font Info:    Redeclaring math alphabet \mathbf on input line 22.
LaTeX Font Info:    Overwriting math alphabet `\mathbf' in version `normal'
(Font)                  OT1/cmr/bx/n --> TU/lmss/bx/n on input line 22.
LaTeX Font Info:    Overwriting math alphabet `\mathbf' in version `bold'
(Font)                  OT1/cmr/bx/n --> TU/lmss/bx/n on input line 22.
LaTeX Font Info:    Redeclaring math alphabet \mathsf on input line 22.
LaTeX Font Info:    Overwriting math alphabet `\mathsf' in version `normal'
(Font)                  OT1/cmss/m/n --> TU/lmss/m/n on input line 22.
LaTeX Font Info:    Overwriting math alphabet `\mathsf' in version `bold'
(Font)                  OT1/cmss/bx/n --> TU/lmss/m/n on input line 22.
LaTeX Font Info:    Redeclaring math alphabet \mathit on input line 22.
LaTeX Font Info:    Overwriting math alphabet `\mathit' in version `normal'
(Font)                  OT1/cmr/m/it --> TU/lmss/m/it on input line 22.
LaTeX Font Info:    Overwriting math alphabet `\mathit' in version `bold'
(Font)                  OT1/cmr/bx/it --> TU/lmss/m/it on input line 22.
LaTeX Font Info:    Redeclaring math alphabet \mathtt on input line 22.
LaTeX Font Info:    Overwriting math alphabet `\mathtt' in version `normal'
(Font)                  OT1/cmtt/m/n --> TU/lmtt/m/n on input line 22.
LaTeX Font Info:    Overwriting math alphabet `\mathtt' in version `bold'
(Font)                  OT1/cmtt/m/n --> TU/lmtt/m/n on input line 22.
LaTeX Font Info:    Overwriting symbol font `numbers' in version `bold'
(Font)                  TU/lmss/m/n --> TU/lmss/bx/n on input line 22.
LaTeX Font Info:    Overwriting symbol font `pureletters' in version `bold'
(Font)                  TU/lmss/m/it --> TU/lmss/bx/it on input line 22.
LaTeX Font Info:    Overwriting math alphabet `\mathrm' in version `bold'
(Font)                  OT1/cmss/bx/n --> TU/lmr/bx/n on input line 22.
LaTeX Font Info:    Overwriting math alphabet `\mathbf' in version `bold'
(Font)                  TU/lmss/bx/n --> TU/lmss/bx/n on input line 22.
LaTeX Font Info:    Overwriting math alphabet `\mathsf' in version `bold'
(Font)                  TU/lmss/m/n --> TU/lmss/bx/n on input line 22.
LaTeX Font Info:    Overwriting math alphabet `\mathit' in version `bold'
(Font)                  TU/lmss/m/it --> TU/lmss/bx/it on input line 22.
LaTeX Font Info:    Overwriting math alphabet `\mathtt' in version `bold'
(Font)                  TU/lmtt/m/n --> TU/lmtt/bx/n on input line 22.

("C:/Users/Benjamin/AppData/Local/Programs/MiKTeX 2.9/tex/latex/translator/tran
slator-basic-dictionary-English.dict"
Dictionary: translator-basic-dictionary, Language: English 
)
("C:/Users/Benjamin/AppData/Local/Programs/MiKTeX 2.9/tex/latex/translator/tran
slator-bibliography-dictionary-English.dict"
Dictionary: translator-bibliography-dictionary, Language: English 
)
("C:/Users/Benjamin/AppData/Local/Programs/MiKTeX 2.9/tex/latex/translator/tran
slator-environment-dictionary-English.dict"
Dictionary: translator-environment-dictionary, Language: English 
)
("C:/Users/Benjamin/AppData/Local/Programs/MiKTeX 2.9/tex/latex/translator/tran
slator-months-dictionary-English.dict"
Dictionary: translator-months-dictionary, Language: English 
)
("C:/Users/Benjamin/AppData/Local/Programs/MiKTeX 2.9/tex/latex/translator/tran
slator-numbers-dictionary-English.dict"
Dictionary: translator-numbers-dictionary, Language: English 
)
("C:/Users/Benjamin/AppData/Local/Programs/MiKTeX 2.9/tex/latex/translator/tran
slator-theorem-dictionary-English.dict"
Dictionary: translator-theorem-dictionary, Language: English 
)
.................................................
. fontspec info: "setup-math"
. 
. Adjusting the maths setup (use [no-math] to avoid this).
.................................................
\symlegacymaths=\mathgroup9
LaTeX Font Info:    Overwriting symbol font `legacymaths' in version `bold'
(Font)                  OT1/cmr/m/n --> OT1/cmr/bx/n on input line 22.
LaTeX Font Info:    Redeclaring math accent \acute on input line 22.
LaTeX Font Info:    Redeclaring math accent \grave on input line 22.
LaTeX Font Info:    Redeclaring math accent \ddot on input line 22.
LaTeX Font Info:    Redeclaring math accent \tilde on input line 22.
LaTeX Font Info:    Redeclaring math accent \bar on input line 22.
LaTeX Font Info:    Redeclaring math accent \breve on input line 22.
LaTeX Font Info:    Redeclaring math accent \check on input line 22.
LaTeX Font Info:    Redeclaring math accent \hat on input line 22.
LaTeX Font Info:    Redeclaring math accent \dot on input line 22.
LaTeX Font Info:    Redeclaring math accent \mathring on input line 22.
LaTeX Font Info:    Redeclaring math symbol \Gamma on input line 22.
LaTeX Font Info:    Redeclaring math symbol \Delta on input line 22.
LaTeX Font Info:    Redeclaring math symbol \Theta on input line 22.
LaTeX Font Info:    Redeclaring math symbol \Lambda on input line 22.
LaTeX Font Info:    Redeclaring math symbol \Xi on input line 22.
LaTeX Font Info:    Redeclaring math symbol \Pi on input line 22.
LaTeX Font Info:    Redeclaring math symbol \Sigma on input line 22.
LaTeX Font Info:    Redeclaring math symbol \Upsilon on input line 22.
LaTeX Font Info:    Redeclaring math symbol \Phi on input line 22.
LaTeX Font Info:    Redeclaring math symbol \Psi on input line 22.
LaTeX Font Info:    Redeclaring math symbol \Omega on input line 22.
LaTeX Font Info:    Redeclaring math symbol \mathdollar on input line 22.
LaTeX Font Info:    Redeclaring symbol font `operators' on input line 22.
LaTeX Font Info:    Encoding `OT1' has changed to `TU' for symbol font
(Font)              `operators' in the math version `normal' on input line 22.
LaTeX Font Info:    Overwriting symbol font `operators' in version `normal'
(Font)                  OT1/cmss/m/n --> TU/lmr/m/n on input line 22.
LaTeX Font Info:    Encoding `OT1' has changed to `TU' for symbol font
(Font)              `operators' in the math version `bold' on input line 22.
LaTeX Font Info:    Overwriting symbol font `operators' in version `bold'
(Font)                  OT1/cmss/bx/n --> TU/lmr/m/n on input line 22.
LaTeX Font Info:    Overwriting symbol font `operators' in version `normal'
(Font)                  TU/lmr/m/n --> TU/lmr/m/n on input line 22.
LaTeX Font Info:    Redeclaring math alphabet \mathrm on input line 22.
LaTeX Font Info:    Overwriting math alphabet `\mathit' in version `normal'
(Font)                  TU/lmss/m/it --> TU/lmr/m/it on input line 22.
LaTeX Font Info:    Overwriting math alphabet `\mathbf' in version `normal'
(Font)                  TU/lmss/bx/n --> TU/lmr/bx/n on input line 22.
LaTeX Font Info:    Overwriting math alphabet `\mathsf' in version `normal'
(Font)                  TU/lmss/m/n --> TU/lmss/m/n on input line 22.
LaTeX Font Info:    Overwriting math alphabet `\mathtt' in version `normal'
(Font)                  TU/lmtt/m/n --> TU/lmtt/m/n on input line 22.
LaTeX Font Info:    Overwriting symbol font `operators' in version `bold'
(Font)                  TU/lmr/m/n --> TU/lmr/bx/n on input line 22.
LaTeX Font Info:    Overwriting math alphabet `\mathit' in version `bold'
(Font)                  TU/lmss/bx/it --> TU/lmr/bx/it on input line 22.
LaTeX Font Info:    Overwriting math alphabet `\mathsf' in version `bold'
(Font)                  TU/lmss/bx/n --> TU/lmss/bx/n on input line 22.
LaTeX Font Info:    Overwriting math alphabet `\mathtt' in version `bold'
(Font)                  TU/lmtt/bx/n --> TU/lmtt/bx/n on input line 22.
 (./example.nav)(load luc: C:/Users/Benjamin/AppData/Local/MiKTeX/2.9/luatex-cac
he/generic/fonts/otl/lmmono12-regular.luc)
LaTeX Font Info:    Font shape `TU/lmtt/bx/n' in size <34.83> not available
(Font)              Font shape `TU/lmtt/b/n' tried instead on input line 22.
(load luc: C:/Users/Benjamin/AppData/Local/MiKTeX/2.9/luatex-cache/generic/fonts
/otl/lmmonolt10-bold.luc)

LaTeX Font Warning: Font shape `TU/FontAwesome(0)/bx/n' undefined
(Font)              using `TU/FontAwesome(0)/m/n' instead on input line 22.


Underfull \hbox (badness 10000) in paragraph at lines 22--22

 []

\tcb@box@array@box=\box89
<qr-code.png, id=12, 301.125pt x 301.125pt>
File: qr-code.png Graphic file (type png)
<use qr-code.png>
Package luatex.def Info: qr-code.png  used on input line 22.
(luatex.def)             Requested size: 143.33452pt x 143.32777pt.

Overfull \hbox (130.82668pt too wide) in paragraph at lines 22--22
[][] 
 []

<logo-cnrs-simple.pdf, id=13, 752.8125pt x 752.81924pt>
File: logo-cnrs-simple.pdf Graphic file (type pdf)
<use logo-cnrs-simple.pdf>
Package luatex.def Info: logo-cnrs-simple.pdf  used on input line 22.
(luatex.def)             Requested size: 143.32303pt x 143.32777pt.

Overfull \hbox (153.42143pt too wide) in paragraph at lines 22--22
[]|  [][][] 
 []

<ICARE.pdf, id=16, 523.9575pt x 307.1475pt>
File: ICARE.pdf Graphic file (type pdf)
<use ICARE.pdf>
Package luatex.def Info: ICARE.pdf  used on input line 22.
(luatex.def)             Requested size: 244.50117pt x 143.32777pt.
LaTeX Font Info:    Calculating math sizes for size <29.04> on input line 22.
(load luc: C:/Users/Benjamin/AppData/Local/MiKTeX/2.9/luatex-cache/generic/fonts
/otl/lmroman12-bold.luc)
LaTeX Font Info:    Font shape `TU/lmss/bx/it' in size <29.04> not available
(Font)              Font shape `TU/lmss/bx/sl' tried instead on input line 22.
(load luc: C:/Users/Benjamin/AppData/Local/MiKTeX/2.9/luatex-cache/generic/fonts
/otl/lmsans10-boldoblique.luc)
LaTeX Font Info:    Font shape `TU/lmss/bx/it' in size <20.3279> not available
(Font)              Font shape `TU/lmss/bx/sl' tried instead on input line 22.
LaTeX Font Info:    Font shape `TU/lmss/bx/it' in size <14.51999> not available
(Font)              Font shape `TU/lmss/bx/sl' tried instead on input line 22.
LaTeX Font Info:    Calculating math sizes for size <24.19> on input line 22.
LaTeX Font Info:    Font shape `TU/lmss/bx/it' in size <24.19> not available
(Font)              Font shape `TU/lmss/bx/sl' tried instead on input line 22.
LaTeX Font Info:    Font shape `TU/lmss/bx/it' in size <16.93292> not available
(Font)              Font shape `TU/lmss/bx/sl' tried instead on input line 22.
LaTeX Font Info:    Font shape `TU/lmss/bx/it' in size <12.095> not available
(Font)              Font shape `TU/lmss/bx/sl' tried instead on input line 22.
<Scattering_Configuration_angles_bright.pdf, id=19, 233.22256pt x 145.75076pt>
File: Scattering_Configuration_angles_bright.pdf Graphic file (type pdf)
<use Scattering_Configuration_angles_bright.pdf>
Package luatex.def Info: Scattering_Configuration_angles_bright.pdf  used on inp
ut line 189.
(luatex.def)             Requested size: 477.77142pt x 298.58192pt.
LaTeX Font Info:    Calculating math sizes for size <34.83> on input line 189.
LaTeX Font Info:    Font shape `TU/lmss/bx/it' in size <34.83> not available
(Font)              Font shape `TU/lmss/bx/sl' tried instead on input line 189.
LaTeX Font Info:    Font shape `TU/lmss/bx/it' in size <24.38089> not available
(Font)              Font shape `TU/lmss/bx/sl' tried instead on input line 189.
LaTeX Font Info:    Font shape `TU/lmss/bx/it' in size <17.415> not available
(Font)              Font shape `TU/lmss/bx/sl' tried instead on input line 189.
<THETIS_on_NEXET_bright.pdf, id=20, 403.19739pt x 204.04205pt>
File: THETIS_on_NEXET_bright.pdf Graphic file (type pdf)
<use THETIS_on_NEXET_bright.pdf>
Package luatex.def Info: THETIS_on_NEXET_bright.pdf  used on input line 189.
(luatex.def)             Requested size: 1301.94261pt x 658.97545pt.
<Cathode_results/Thomson_spectra_fit_1p3mm_from_the_cathode_300mum.pdf, id=21, 4
33.62pt x 289.08pt>
File: Cathode_results/Thomson_spectra_fit_1p3mm_from_the_cathode_300mum.pdf Grap
hic file (type pdf)
<use Cathode_results/Thomson_spectra_fit_1p3mm_from_the_cathode_300mum.pdf>
Package luatex.def Info: Cathode_results/Thomson_spectra_fit_1p3mm_from_the_cath
ode_300mum.pdf  used on input line 189.
(luatex.def)             Requested size: 597.22339pt x 398.1986pt.
<Cathode_results/EEDF_and_lnIntensity_vs_Energy.pdf, id=22, 433.62pt x 289.08pt>

File: Cathode_results/EEDF_and_lnIntensity_vs_Energy.pdf Graphic file (type pdf)

<use Cathode_results/EEDF_and_lnIntensity_vs_Energy.pdf>
Package luatex.def Info: Cathode_results/EEDF_and_lnIntensity_vs_Energy.pdf  use
d on input line 189.
(luatex.def)             Requested size: 597.22339pt x 398.1986pt.
<Cathode_results/Density_Temperature.pdf, id=23, 433.62pt x 289.08pt>
File: Cathode_results/Density_Temperature.pdf Graphic file (type pdf)
<use Cathode_results/Density_Temperature.pdf>
Package luatex.def Info: Cathode_results/Density_Temperature.pdf  used on input 
line 189.
(luatex.def)             Requested size: 597.22339pt x 398.1986pt.
<Photos/Cathode_and_thruster.jpg, id=24, 1907.125pt x 838.13126pt>
File: Photos/Cathode_and_thruster.jpg Graphic file (type jpg)
<use Photos/Cathode_and_thruster.jpg>
Package luatex.def Info: Photos/Cathode_and_thruster.jpg  used on input line 189
.
(luatex.def)             Requested size: 525.5595pt x 230.96638pt.
<Magnetron_results/Density_Temperature.pdf, id=25, 433.62pt x 289.08pt>
File: Magnetron_results/Density_Temperature.pdf Graphic file (type pdf)
<use Magnetron_results/Density_Temperature.pdf>
Package luatex.def Info: Magnetron_results/Density_Temperature.pdf  used on inpu
t line 189.
(luatex.def)             Requested size: 597.22339pt x 398.1986pt.
<Magnetron_results/Density_Temperature_velocity.pdf, id=26, 433.62pt x 433.62pt>

File: Magnetron_results/Density_Temperature_velocity.pdf Graphic file (type pdf)

<use Magnetron_results/Density_Temperature_velocity.pdf>
Package luatex.def Info: Magnetron_results/Density_Temperature_velocity.pdf  use
d on input line 189.
(luatex.def)             Requested size: 597.22339pt x 597.29791pt.
<Photos/magnetron_LPGP2.jpeg, id=27, 819.06pt x 359.3425pt>
File: Photos/magnetron_LPGP2.jpeg Graphic file (type jpg)
<use Photos/magnetron_LPGP2.jpeg>
Package luatex.def Info: Photos/magnetron_LPGP2.jpeg  used on input line 189.
(luatex.def)             Requested size: 525.5595pt x 230.59251pt.

Overfull \vbox (2708.15182pt too high) detected at line 189
 []

(load luc: C:/Users/Benjamin/AppData/Local/MiKTeX/2.9/luatex-cache/generic/fonts
/otl/lmsans8-regular.luc)
File: logo-cnrs-simple.pdf Graphic file (type pdf)
<use logo-cnrs-simple.pdf>
Package luatex.def Info: logo-cnrs-simple.pdf  used on input line 189.
(luatex.def)             Requested size: 143.32303pt x 143.32777pt.

Overfull \hbox (153.42143pt too wide) has occurred while \output is active
[]|  [][][] 
 []

File: ICARE.pdf Graphic file (type pdf)
<use ICARE.pdf>
Package luatex.def Info: ICARE.pdf  used on input line 189.
(luatex.def)             Requested size: 244.50117pt x 143.32777pt.

Underfull \hbox (badness 10000) has occurred while \output is active

 []

File: qr-code.png Graphic file (type png)
<use qr-code.png>
Package luatex.def Info: qr-code.png  used on input line 189.
(luatex.def)             Requested size: 143.33452pt x 143.32777pt.

Overfull \hbox (130.82668pt too wide) has occurred while \output is active
[][] 
 []

[1{C:/Users/Benjamin/AppData/Local/MiKTeX/2.9/pdftex/config/pdftex.map}

<./logo-cnrs-simple.pdf><./ICARE.pdf><./Scattering_Configuration_angles_bright.p
df><./THETIS_on_NEXET_bright.pdf><./Cathode_results/Thomson_spectra_fit_1p3mm_fr
om_the_cathode_300mum.pdf><./Cathode_results/EEDF_and_lnIntensity_vs_Energy.pdf>
<./Cathode_results/Density_Temperature.pdf><./Photos/Cathode_and_thruster.jpg><.
/Magnetron_results/Density_Temperature.pdf><./Magnetron_results/Density_Temperat
ure_velocity.pdf><./Photos/magnetron_LPGP2.jpeg><./qr-code.png>]
\tf@nav=\write8

\openout8 = example.nav
\tf@toc=\write9

\openout9 = example.toc
\tf@snm=\write10

\openout10 = example.snm
Package atveryend Info: Empty hook `BeforeClearDocument' on input line 190.
Package atveryend Info: Empty hook `AfterLastShipout' on input line 190.
 (./example.aux)
Package atveryend Info: Executing hook `AtVeryEndDocument' on input line 190.
Package atveryend Info: Executing hook `AtEndAfterFileList' on input line 190.
Package rerunfilecheck Info: File `example.out' has not changed.
(rerunfilecheck)             Checksum: D41D8CD98F00B204E9800998ECF8427E;0.


LaTeX Font Warning: Some font shapes were not available, defaults substituted.

)

Here is how much of LuaTeX's memory you used:
 43656 strings out of 494447
 596132,1373583 words of node,token memory allocated
 313777 words of node memory still in use:
   8702 hlist, 49 vlist, 31 rule, 423 disc, 61 local_par, 184 math, 9629 glue, 2
86 kern, 171 penalty, 4653 glyph, 21721 attribute, 62 glue_spec, 21721 attribute
_list, 3 write, 12854 pdf_literal, 154 pdf_colorstack, 11 pdf_setmatrix, 11 pdf_
save, 11 pdf_restore nodes
   avail lists: 1:7,2:8648,3:14379,4:229,5:359,6:90,7:16060,8:60,9:9608,10:16,11
:426
 46234 multiletter control sequences out of 65536+200000
 131 fonts using 14993847 bytes
 76i,20n,112p,800b,1576s stack positions out of 5000i,500n,10000p,200000b,50000s
<c:/users/benjamin/appdata/local/programs/miktex 2.9/fonts/opentype/public/lm/lm
mono12-regular.otf><c:/users/benjamin/appdata/local/programs/miktex 2.9/fonts/op
entype/public/lm/lmmonolt10-bold.otf><c:/users/benjamin/appdata/local/programs/m
iktex 2.9/fonts/opentype/public/lm/lmsans10-boldoblique.otf><C:/Users/Benjamin/A
ppData/Local/Programs/MiKTeX 2.9/fonts/opentype/public/fontawesome/fontawesome.o
tf><c:/users/benjamin/appdata/local/programs/miktex 2.9/fonts/opentype/public/lm
/lmsans17-regular.otf><c:/users/benjamin/appdata/local/programs/miktex 2.9/fonts
/opentype/public/lm/lmsans10-bold.otf><C:/Users/Benjamin/AppData/Local/Programs/
MiKTeX 2.9/fonts/type1/public/amsfonts/cm/cmbsy10.pfb><C:/Users/Benjamin/AppData
/Local/Programs/MiKTeX 2.9/fonts/type1/public/amsfonts/cm/cmbx12.pfb><C:/Users/B
enjamin/AppData/Local/Programs/MiKTeX 2.9/fonts/type1/public/amsfonts/cm/cmex10.
pfb><C:/Users/Benjamin/AppData/Local/Programs/MiKTeX 2.9/fonts/type1/public/amsf
onts/cm/cmmib10.pfb><C:/Users/Benjamin/AppData/Local/Programs/MiKTeX 2.9/fonts/t
ype1/public/amsfonts/symbols/msam10.pfb>
Output written on example.pdf (1 page, 695685 bytes).

PDF statistics: 532 PDF objects out of 1000 (max. 8388607)
 3 named destinations out of 1000 (max. 131072)
 36 words of extra memory for PDF output out of 10000 (max. 100000000)

